[12:12:58.923] Global cache location '/home/hamza/.cache/typescript/4.7', safe file path '/home/hamza/.emacs.d/var/lsp/server/npm/typescript/lib/node_modules/typescript/lib/typingSafeList.json', types map path /home/hamza/.emacs.d/var/lsp/server/npm/typescript/lib/node_modules/typescript/lib/typesMap.json
[12:12:58.923] Processing cache location '/home/hamza/.cache/typescript/4.7'
[12:12:58.924] Trying to find '/home/hamza/.cache/typescript/4.7/package.json'...
[12:12:58.924] Loaded content of '/home/hamza/.cache/typescript/4.7/package.json': {"private":true,"dependencies":{"types-registry":"^0.1.602"},"devDependencies":{"@types/babel__core":"^7.1.19","@types/babel__preset-env":"^7.9.2","@types/react":"^18.0.15","@types/react-dom":"^18.0.6"}}
[12:12:58.924] Loaded content of '/home/hamza/.cache/typescript/4.7/package-lock.json'
[12:12:58.933] Adding entry into typings cache: 'babel__core' => '/home/hamza/.cache/typescript/4.7/node_modules/@types/babel__core/index.d.ts'
[12:12:58.934] Adding entry into typings cache: 'babel__preset-env' => '/home/hamza/.cache/typescript/4.7/node_modules/@types/babel__preset-env/index.d.ts'
[12:12:58.936] Adding entry into typings cache: 'react' => '/home/hamza/.cache/typescript/4.7/node_modules/@types/react/index.d.ts'
[12:12:58.937] Adding entry into typings cache: 'react-dom' => '/home/hamza/.cache/typescript/4.7/node_modules/@types/react-dom/index.d.ts'
[12:12:58.937] Finished processing cache location '/home/hamza/.cache/typescript/4.7'
[12:12:58.938] Process id: 15485
[12:12:58.938] NPM location: /usr/bin/npm (explicit '--npmLocation' not  provided)
[12:12:58.938] validateDefaultNpmLocation: false
[12:12:58.938] Npm config file: /home/hamza/.cache/typescript/4.7/package.json
[12:12:58.938] Updating types-registry npm package...
[12:12:58.938] Exec: /usr/bin/npm install --ignore-scripts types-registry@latest
[12:13:00.431]     Succeeded. stdout:
    
    up to date, audited 16 packages in 1s

found 0 vulnerabilities

[12:13:00.432] Updated types-registry npm package
[12:13:00.453] Got install request {"projectName":"/dev/null/inferredProject1*","fileNames":["/home/hamza/.emacs.d/var/lsp/server/npm/typescript/lib/node_modules/typescript/lib/lib.es5.d.ts","/home/hamza/.emacs.d/var/lsp/server/npm/typescript/lib/node_modules/typescript/lib/lib.es2015.d.ts","/home/hamza/.emacs.d/var/lsp/server/npm/typescript/lib/node_modules/typescript/lib/lib.es2016.d.ts","/home/hamza/.emacs.d/var/lsp/server/npm/typescript/lib/node_modules/typescript/lib/lib.dom.d.ts","/home/hamza/.emacs.d/var/lsp/server/npm/typescript/lib/node_modules/typescript/lib/lib.dom.iterable.d.ts","/home/hamza/.emacs.d/var/lsp/server/npm/typescript/lib/node_modules/typescript/lib/lib.webworker.importscripts.d.ts","/home/hamza/.emacs.d/var/lsp/server/npm/typescript/lib/node_modules/typescript/lib/lib.scripthost.d.ts","/home/hamza/.emacs.d/var/lsp/server/npm/typescript/lib/node_modules/typescript/lib/lib.es2015.core.d.ts","/home/hamza/.emacs.d/var/lsp/server/npm/typescript/lib/node_modules/typescript/lib/lib.es2015.collection.d.ts","/home/hamza/.emacs.d/var/lsp/server/npm/typescript/lib/node_modules/typescript/lib/lib.es2015.generator.d.ts","/home/hamza/.emacs.d/var/lsp/server/npm/typescript/lib/node_modules/typescript/lib/lib.es2015.iterable.d.ts","/home/hamza/.emacs.d/var/lsp/server/npm/typescript/lib/node_modules/typescript/lib/lib.es2015.promise.d.ts","/home/hamza/.emacs.d/var/lsp/server/npm/typescript/lib/node_modules/typescript/lib/lib.es2015.proxy.d.ts","/home/hamza/.emacs.d/var/lsp/server/npm/typescript/lib/node_modules/typescript/lib/lib.es2015.reflect.d.ts","/home/hamza/.emacs.d/var/lsp/server/npm/typescript/lib/node_modules/typescript/lib/lib.es2015.symbol.d.ts","/home/hamza/.emacs.d/var/lsp/server/npm/typescript/lib/node_modules/typescript/lib/lib.es2015.symbol.wellknown.d.ts","/home/hamza/.emacs.d/var/lsp/server/npm/typescript/lib/node_modules/typescript/lib/lib.es2016.array.include.d.ts","/home/hamza/.emacs.d/var/lsp/server/npm/typescript/lib/node_modules/typescript/lib/lib.es2016.full.d.ts","/home/hamza/dev/react/quizzical/src/components/question.jsx","/home/hamza/dev/react/quizzical/src/data.jsx","/home/hamza/dev/react/quizzical/src/App.js"],"compilerOptions":{"module":1,"target":3,"jsx":1,"allowJs":true,"allowSyntheticDefaultImports":true,"allowNonTsExtensions":true,"noEmitForJsFiles":true,"maxNodeModuleJsDepth":2},"typeAcquisition":{"enable":true,"include":[],"exclude":[]},"unresolvedImports":[],"projectRootPath":"/home/hamza/dev/react/quizzical/src","kind":"discover"}
[12:13:00.461] Loaded safelist from types map file '/home/hamza/.emacs.d/var/lsp/server/npm/typescript/lib/node_modules/typescript/lib/typesMap.json'
[12:13:00.461] Explicitly included types: []
[12:13:00.461] Inferred 'react' typings due to presence of '.jsx' extension
[12:13:00.462] Inferred typings from unresolved imports: []
[12:13:00.462] Result: {"cachedTypingPaths":["/home/hamza/.cache/typescript/4.7/node_modules/@types/react/index.d.ts"],"newTypingNames":[],"filesToWatch":["/home/hamza/dev/react/quizzical/src/components/bower_components","/home/hamza/dev/react/quizzical/src/components/node_modules","/home/hamza/dev/react/quizzical/src/bower_components","/home/hamza/dev/react/quizzical/src/node_modules"]}
[12:13:00.462] Finished typings discovery: {"cachedTypingPaths":["/home/hamza/.cache/typescript/4.7/node_modules/@types/react/index.d.ts"],"newTypingNames":[],"filesToWatch":["/home/hamza/dev/react/quizzical/src/components/bower_components","/home/hamza/dev/react/quizzical/src/components/node_modules","/home/hamza/dev/react/quizzical/src/bower_components","/home/hamza/dev/react/quizzical/src/node_modules"]}
[12:13:00.462] DirectoryWatcher:: Added:: WatchInfo: /home/hamza/dev/react/quizzical/src/components
[12:13:00.463] DirectoryWatcher:: Added:: WatchInfo: /home/hamza/dev/react/quizzical/src/components 1 undefined Project: /dev/null/inferredProject1* watcher already invoked: false
[12:13:00.464] Elapsed:: 0.8544729994609952ms DirectoryWatcher:: Added:: WatchInfo: /home/hamza/dev/react/quizzical/src/components 1 undefined Project: /dev/null/inferredProject1* watcher already invoked: false
[12:13:00.464] DirectoryWatcher:: Added:: WatchInfo: /home/hamza/dev/react/quizzical/src/bower_components
[12:13:00.464] DirectoryWatcher:: Added:: WatchInfo: /home/hamza/dev/react/quizzical/src/bower_components 1 undefined Project: /dev/null/inferredProject1* watcher already invoked: false
[12:13:00.464] Elapsed:: 0.5325989993289113ms DirectoryWatcher:: Added:: WatchInfo: /home/hamza/dev/react/quizzical/src/bower_components 1 undefined Project: /dev/null/inferredProject1* watcher already invoked: false
[12:13:00.465] DirectoryWatcher:: Added:: WatchInfo: /home/hamza/dev/react/quizzical/src/node_modules
[12:13:00.465] DirectoryWatcher:: Added:: WatchInfo: /home/hamza/dev/react/quizzical/src/node_modules 1 undefined Project: /dev/null/inferredProject1* watcher already invoked: false
[12:13:00.465] Elapsed:: 0.09172200039029121ms DirectoryWatcher:: Added:: WatchInfo: /home/hamza/dev/react/quizzical/src/node_modules 1 undefined Project: /dev/null/inferredProject1* watcher already invoked: false
[12:13:00.465] Sending response:
    {"projectName":"/dev/null/inferredProject1*","typeAcquisition":{"enable":true,"include":[],"exclude":[]},"compilerOptions":{"module":1,"target":3,"jsx":1,"allowJs":true,"allowSyntheticDefaultImports":true,"allowNonTsExtensions":true,"noEmitForJsFiles":true,"maxNodeModuleJsDepth":2},"typings":["/home/hamza/.cache/typescript/4.7/node_modules/@types/react/index.d.ts"],"unresolvedImports":[],"kind":"action::set"}
[12:13:00.465] Response has been sent.
[12:13:00.465] No new typings were requested as a result of typings discovery
[12:13:00.729] Got install request {"projectName":"/dev/null/inferredProject1*","fileNames":["/home/hamza/.emacs.d/var/lsp/server/npm/typescript/lib/node_modules/typescript/lib/lib.es5.d.ts","/home/hamza/.emacs.d/var/lsp/server/npm/typescript/lib/node_modules/typescript/lib/lib.es2015.d.ts","/home/hamza/.emacs.d/var/lsp/server/npm/typescript/lib/node_modules/typescript/lib/lib.es2016.d.ts","/home/hamza/.emacs.d/var/lsp/server/npm/typescript/lib/node_modules/typescript/lib/lib.dom.d.ts","/home/hamza/.emacs.d/var/lsp/server/npm/typescript/lib/node_modules/typescript/lib/lib.dom.iterable.d.ts","/home/hamza/.emacs.d/var/lsp/server/npm/typescript/lib/node_modules/typescript/lib/lib.webworker.importscripts.d.ts","/home/hamza/.emacs.d/var/lsp/server/npm/typescript/lib/node_modules/typescript/lib/lib.scripthost.d.ts","/home/hamza/.emacs.d/var/lsp/server/npm/typescript/lib/node_modules/typescript/lib/lib.es2015.core.d.ts","/home/hamza/.emacs.d/var/lsp/server/npm/typescript/lib/node_modules/typescript/lib/lib.es2015.collection.d.ts","/home/hamza/.emacs.d/var/lsp/server/npm/typescript/lib/node_modules/typescript/lib/lib.es2015.generator.d.ts","/home/hamza/.emacs.d/var/lsp/server/npm/typescript/lib/node_modules/typescript/lib/lib.es2015.iterable.d.ts","/home/hamza/.emacs.d/var/lsp/server/npm/typescript/lib/node_modules/typescript/lib/lib.es2015.promise.d.ts","/home/hamza/.emacs.d/var/lsp/server/npm/typescript/lib/node_modules/typescript/lib/lib.es2015.proxy.d.ts","/home/hamza/.emacs.d/var/lsp/server/npm/typescript/lib/node_modules/typescript/lib/lib.es2015.reflect.d.ts","/home/hamza/.emacs.d/var/lsp/server/npm/typescript/lib/node_modules/typescript/lib/lib.es2015.symbol.d.ts","/home/hamza/.emacs.d/var/lsp/server/npm/typescript/lib/node_modules/typescript/lib/lib.es2015.symbol.wellknown.d.ts","/home/hamza/.emacs.d/var/lsp/server/npm/typescript/lib/node_modules/typescript/lib/lib.es2016.array.include.d.ts","/home/hamza/.emacs.d/var/lsp/server/npm/typescript/lib/node_modules/typescript/lib/lib.es2016.full.d.ts","/home/hamza/dev/react/quizzical/src/components/question.jsx","/home/hamza/dev/react/quizzical/src/data.jsx","/home/hamza/dev/react/quizzical/src/App.js","/home/hamza/.cache/typescript/4.7/node_modules/@types/react/global.d.ts","/home/hamza/.cache/typescript/4.7/node_modules/@types/react/index.d.ts"],"compilerOptions":{"module":1,"target":3,"jsx":1,"allowJs":true,"allowSyntheticDefaultImports":true,"allowNonTsExtensions":true,"noEmitForJsFiles":true,"maxNodeModuleJsDepth":2},"typeAcquisition":{"enable":true,"include":[],"exclude":[]},"unresolvedImports":[],"projectRootPath":"/home/hamza/dev/react/quizzical/src","kind":"discover"}
[12:13:00.730] Explicitly included types: []
[12:13:00.730] Inferred 'react' typings due to presence of '.jsx' extension
[12:13:00.730] Inferred typings from unresolved imports: []
[12:13:00.730] Result: {"cachedTypingPaths":["/home/hamza/.cache/typescript/4.7/node_modules/@types/react/index.d.ts"],"newTypingNames":[],"filesToWatch":["/home/hamza/dev/react/quizzical/src/components/bower_components","/home/hamza/dev/react/quizzical/src/components/node_modules","/home/hamza/dev/react/quizzical/src/bower_components","/home/hamza/dev/react/quizzical/src/node_modules"]}
[12:13:00.730] Finished typings discovery: {"cachedTypingPaths":["/home/hamza/.cache/typescript/4.7/node_modules/@types/react/index.d.ts"],"newTypingNames":[],"filesToWatch":["/home/hamza/dev/react/quizzical/src/components/bower_components","/home/hamza/dev/react/quizzical/src/components/node_modules","/home/hamza/dev/react/quizzical/src/bower_components","/home/hamza/dev/react/quizzical/src/node_modules"]}
[12:13:00.731] Sending response:
    {"projectName":"/dev/null/inferredProject1*","typeAcquisition":{"enable":true,"include":[],"exclude":[]},"compilerOptions":{"module":1,"target":3,"jsx":1,"allowJs":true,"allowSyntheticDefaultImports":true,"allowNonTsExtensions":true,"noEmitForJsFiles":true,"maxNodeModuleJsDepth":2},"typings":["/home/hamza/.cache/typescript/4.7/node_modules/@types/react/index.d.ts"],"unresolvedImports":[],"kind":"action::set"}
[12:13:00.731] Response has been sent.
[12:13:00.731] No new typings were requested as a result of typings discovery
[12:13:40.776] sysLog:: onTimerToUpdateChildWatches:: 1
[12:13:40.777] sysLog:: invokingWatchers:: Elapsed:: 0.42441700026392937ms:: 0
[12:13:40.777] DirectoryWatcher:: Triggered with /home/hamza/dev/react/quizzical/src/components/question.jsx 0:: WatchInfo: /home/hamza/dev/react/quizzical/src/components 1 undefined Project: /dev/null/inferredProject1* watcher already invoked: false
[12:13:40.777] Elapsed:: 0.12493399996310472ms DirectoryWatcher:: Triggered with /home/hamza/dev/react/quizzical/src/components/question.jsx 0:: WatchInfo: /home/hamza/dev/react/quizzical/src/components 1 undefined Project: /dev/null/inferredProject1* watcher already invoked: false
[12:13:40.778] DirectoryWatcher:: Triggered with /home/hamza/dev/react/quizzical/src/components/question.jsx 1:: WatchInfo: /home/hamza/dev/react/quizzical/src/components 1 undefined Project: /dev/null/inferredProject1* watcher already invoked: false
[12:13:40.778] Elapsed:: 0.020057999528944492ms DirectoryWatcher:: Triggered with /home/hamza/dev/react/quizzical/src/components/question.jsx 1:: WatchInfo: /home/hamza/dev/react/quizzical/src/components 1 undefined Project: /dev/null/inferredProject1* watcher already invoked: false
[12:13:40.778] sysLog:: Elapsed:: 1.4518339997157454ms:: onTimerToUpdateChildWatches:: 0 undefined
[12:13:56.036] Got install request {"projectName":"/dev/null/inferredProject2*","fileNames":["/home/hamza/.emacs.d/var/lsp/server/npm/typescript/lib/node_modules/typescript/lib/lib.es5.d.ts","/home/hamza/.emacs.d/var/lsp/server/npm/typescript/lib/node_modules/typescript/lib/lib.es2015.d.ts","/home/hamza/.emacs.d/var/lsp/server/npm/typescript/lib/node_modules/typescript/lib/lib.es2016.d.ts","/home/hamza/.emacs.d/var/lsp/server/npm/typescript/lib/node_modules/typescript/lib/lib.dom.d.ts","/home/hamza/.emacs.d/var/lsp/server/npm/typescript/lib/node_modules/typescript/lib/lib.dom.iterable.d.ts","/home/hamza/.emacs.d/var/lsp/server/npm/typescript/lib/node_modules/typescript/lib/lib.webworker.importscripts.d.ts","/home/hamza/.emacs.d/var/lsp/server/npm/typescript/lib/node_modules/typescript/lib/lib.scripthost.d.ts","/home/hamza/.emacs.d/var/lsp/server/npm/typescript/lib/node_modules/typescript/lib/lib.es2015.core.d.ts","/home/hamza/.emacs.d/var/lsp/server/npm/typescript/lib/node_modules/typescript/lib/lib.es2015.collection.d.ts","/home/hamza/.emacs.d/var/lsp/server/npm/typescript/lib/node_modules/typescript/lib/lib.es2015.generator.d.ts","/home/hamza/.emacs.d/var/lsp/server/npm/typescript/lib/node_modules/typescript/lib/lib.es2015.iterable.d.ts","/home/hamza/.emacs.d/var/lsp/server/npm/typescript/lib/node_modules/typescript/lib/lib.es2015.promise.d.ts","/home/hamza/.emacs.d/var/lsp/server/npm/typescript/lib/node_modules/typescript/lib/lib.es2015.proxy.d.ts","/home/hamza/.emacs.d/var/lsp/server/npm/typescript/lib/node_modules/typescript/lib/lib.es2015.reflect.d.ts","/home/hamza/.emacs.d/var/lsp/server/npm/typescript/lib/node_modules/typescript/lib/lib.es2015.symbol.d.ts","/home/hamza/.emacs.d/var/lsp/server/npm/typescript/lib/node_modules/typescript/lib/lib.es2015.symbol.wellknown.d.ts","/home/hamza/.emacs.d/var/lsp/server/npm/typescript/lib/node_modules/typescript/lib/lib.es2016.array.include.d.ts","/home/hamza/.emacs.d/var/lsp/server/npm/typescript/lib/node_modules/typescript/lib/lib.es2016.full.d.ts","/home/hamza/dev/react/quizzical/src/components/question.bak.js"],"compilerOptions":{"module":1,"target":3,"jsx":1,"allowJs":true,"allowSyntheticDefaultImports":true,"allowNonTsExtensions":true,"noEmitForJsFiles":true,"maxNodeModuleJsDepth":2},"typeAcquisition":{"enable":true,"include":[],"exclude":[]},"unresolvedImports":[],"projectRootPath":"/home/hamza/dev/react/quizzical/src/components","kind":"discover"}
[12:13:56.036] Explicitly included types: []
[12:13:56.036] Inferred typings from unresolved imports: []
[12:13:56.036] Result: {"cachedTypingPaths":[],"newTypingNames":[],"filesToWatch":["/home/hamza/dev/react/quizzical/src/components/bower_components","/home/hamza/dev/react/quizzical/src/components/node_modules"]}
[12:13:56.036] Finished typings discovery: {"cachedTypingPaths":[],"newTypingNames":[],"filesToWatch":["/home/hamza/dev/react/quizzical/src/components/bower_components","/home/hamza/dev/react/quizzical/src/components/node_modules"]}
[12:13:56.036] DirectoryWatcher:: Added:: WatchInfo: /home/hamza/dev/react/quizzical/src/components/bower_components
[12:13:56.036] DirectoryWatcher:: Added:: WatchInfo: /home/hamza/dev/react/quizzical/src/components/bower_components 1 undefined Project: /dev/null/inferredProject2* watcher already invoked: false
[12:13:56.036] Elapsed:: 0.11071799974888563ms DirectoryWatcher:: Added:: WatchInfo: /home/hamza/dev/react/quizzical/src/components/bower_components 1 undefined Project: /dev/null/inferredProject2* watcher already invoked: false
[12:13:56.036] DirectoryWatcher:: Added:: WatchInfo: /home/hamza/dev/react/quizzical/src/components/node_modules
[12:13:56.036] DirectoryWatcher:: Added:: WatchInfo: /home/hamza/dev/react/quizzical/src/components/node_modules 1 undefined Project: /dev/null/inferredProject2* watcher already invoked: false
[12:13:56.036] Elapsed:: 0.07598299998790026ms DirectoryWatcher:: Added:: WatchInfo: /home/hamza/dev/react/quizzical/src/components/node_modules 1 undefined Project: /dev/null/inferredProject2* watcher already invoked: false
[12:13:56.036] Sending response:
    {"projectName":"/dev/null/inferredProject2*","typeAcquisition":{"enable":true,"include":[],"exclude":[]},"compilerOptions":{"module":1,"target":3,"jsx":1,"allowJs":true,"allowSyntheticDefaultImports":true,"allowNonTsExtensions":true,"noEmitForJsFiles":true,"maxNodeModuleJsDepth":2},"typings":[],"unresolvedImports":[],"kind":"action::set"}
[12:13:56.036] Response has been sent.
[12:13:56.036] No new typings were requested as a result of typings discovery
[12:24:41.808] Got install request {"projectName":"/dev/null/inferredProject3*","fileNames":["/home/hamza/.emacs.d/var/lsp/server/npm/typescript/lib/node_modules/typescript/lib/lib.es5.d.ts","/home/hamza/.emacs.d/var/lsp/server/npm/typescript/lib/node_modules/typescript/lib/lib.es2015.d.ts","/home/hamza/.emacs.d/var/lsp/server/npm/typescript/lib/node_modules/typescript/lib/lib.es2016.d.ts","/home/hamza/.emacs.d/var/lsp/server/npm/typescript/lib/node_modules/typescript/lib/lib.dom.d.ts","/home/hamza/.emacs.d/var/lsp/server/npm/typescript/lib/node_modules/typescript/lib/lib.dom.iterable.d.ts","/home/hamza/.emacs.d/var/lsp/server/npm/typescript/lib/node_modules/typescript/lib/lib.webworker.importscripts.d.ts","/home/hamza/.emacs.d/var/lsp/server/npm/typescript/lib/node_modules/typescript/lib/lib.scripthost.d.ts","/home/hamza/.emacs.d/var/lsp/server/npm/typescript/lib/node_modules/typescript/lib/lib.es2015.core.d.ts","/home/hamza/.emacs.d/var/lsp/server/npm/typescript/lib/node_modules/typescript/lib/lib.es2015.collection.d.ts","/home/hamza/.emacs.d/var/lsp/server/npm/typescript/lib/node_modules/typescript/lib/lib.es2015.generator.d.ts","/home/hamza/.emacs.d/var/lsp/server/npm/typescript/lib/node_modules/typescript/lib/lib.es2015.iterable.d.ts","/home/hamza/.emacs.d/var/lsp/server/npm/typescript/lib/node_modules/typescript/lib/lib.es2015.promise.d.ts","/home/hamza/.emacs.d/var/lsp/server/npm/typescript/lib/node_modules/typescript/lib/lib.es2015.proxy.d.ts","/home/hamza/.emacs.d/var/lsp/server/npm/typescript/lib/node_modules/typescript/lib/lib.es2015.reflect.d.ts","/home/hamza/.emacs.d/var/lsp/server/npm/typescript/lib/node_modules/typescript/lib/lib.es2015.symbol.d.ts","/home/hamza/.emacs.d/var/lsp/server/npm/typescript/lib/node_modules/typescript/lib/lib.es2015.symbol.wellknown.d.ts","/home/hamza/.emacs.d/var/lsp/server/npm/typescript/lib/node_modules/typescript/lib/lib.es2016.array.include.d.ts","/home/hamza/.emacs.d/var/lsp/server/npm/typescript/lib/node_modules/typescript/lib/lib.es2016.full.d.ts","/home/hamza/dev/react/quizzical/src/components/question.jsx","/home/hamza/dev/react/quizzical/src/data.jsx","/home/hamza/dev/react/quizzical/src/App.bak.js"],"compilerOptions":{"module":1,"target":3,"jsx":1,"allowJs":true,"allowSyntheticDefaultImports":true,"allowNonTsExtensions":true,"noEmitForJsFiles":true,"maxNodeModuleJsDepth":2},"typeAcquisition":{"enable":true,"include":[],"exclude":[]},"unresolvedImports":[],"projectRootPath":"/home/hamza/dev/react/quizzical/src","kind":"discover"}
[12:24:41.808] Explicitly included types: []
[12:24:41.809] Inferred 'react' typings due to presence of '.jsx' extension
[12:24:41.809] Inferred typings from unresolved imports: []
[12:24:41.809] Result: {"cachedTypingPaths":["/home/hamza/.cache/typescript/4.7/node_modules/@types/react/index.d.ts"],"newTypingNames":[],"filesToWatch":["/home/hamza/dev/react/quizzical/src/components/bower_components","/home/hamza/dev/react/quizzical/src/components/node_modules","/home/hamza/dev/react/quizzical/src/bower_components","/home/hamza/dev/react/quizzical/src/node_modules"]}
[12:24:41.809] Finished typings discovery: {"cachedTypingPaths":["/home/hamza/.cache/typescript/4.7/node_modules/@types/react/index.d.ts"],"newTypingNames":[],"filesToWatch":["/home/hamza/dev/react/quizzical/src/components/bower_components","/home/hamza/dev/react/quizzical/src/components/node_modules","/home/hamza/dev/react/quizzical/src/bower_components","/home/hamza/dev/react/quizzical/src/node_modules"]}
[12:24:41.809] DirectoryWatcher:: Added:: WatchInfo: /home/hamza/dev/react/quizzical/src/components
[12:24:41.809] DirectoryWatcher:: Added:: WatchInfo: /home/hamza/dev/react/quizzical/src/components 1 undefined Project: /dev/null/inferredProject3* watcher already invoked: false
[12:24:41.809] Elapsed:: 0.031950000673532486ms DirectoryWatcher:: Added:: WatchInfo: /home/hamza/dev/react/quizzical/src/components 1 undefined Project: /dev/null/inferredProject3* watcher already invoked: false
[12:24:41.809] DirectoryWatcher:: Added:: WatchInfo: /home/hamza/dev/react/quizzical/src/bower_components
[12:24:41.809] DirectoryWatcher:: Added:: WatchInfo: /home/hamza/dev/react/quizzical/src/bower_components 1 undefined Project: /dev/null/inferredProject3* watcher already invoked: false
[12:24:41.810] Elapsed:: 0.040415999479591846ms DirectoryWatcher:: Added:: WatchInfo: /home/hamza/dev/react/quizzical/src/bower_components 1 undefined Project: /dev/null/inferredProject3* watcher already invoked: false
[12:24:41.810] DirectoryWatcher:: Added:: WatchInfo: /home/hamza/dev/react/quizzical/src/node_modules
[12:24:41.810] DirectoryWatcher:: Added:: WatchInfo: /home/hamza/dev/react/quizzical/src/node_modules 1 undefined Project: /dev/null/inferredProject3* watcher already invoked: false
[12:24:41.810] Elapsed:: 0.020558999851346016ms DirectoryWatcher:: Added:: WatchInfo: /home/hamza/dev/react/quizzical/src/node_modules 1 undefined Project: /dev/null/inferredProject3* watcher already invoked: false
[12:24:41.810] Sending response:
    {"projectName":"/dev/null/inferredProject3*","typeAcquisition":{"enable":true,"include":[],"exclude":[]},"compilerOptions":{"module":1,"target":3,"jsx":1,"allowJs":true,"allowSyntheticDefaultImports":true,"allowNonTsExtensions":true,"noEmitForJsFiles":true,"maxNodeModuleJsDepth":2},"typings":["/home/hamza/.cache/typescript/4.7/node_modules/@types/react/index.d.ts"],"unresolvedImports":[],"kind":"action::set"}
[12:24:41.810] Response has been sent.
[12:24:41.810] No new typings were requested as a result of typings discovery
[12:24:41.949] Got install request {"projectName":"/dev/null/inferredProject3*","fileNames":["/home/hamza/.emacs.d/var/lsp/server/npm/typescript/lib/node_modules/typescript/lib/lib.es5.d.ts","/home/hamza/.emacs.d/var/lsp/server/npm/typescript/lib/node_modules/typescript/lib/lib.es2015.d.ts","/home/hamza/.emacs.d/var/lsp/server/npm/typescript/lib/node_modules/typescript/lib/lib.es2016.d.ts","/home/hamza/.emacs.d/var/lsp/server/npm/typescript/lib/node_modules/typescript/lib/lib.dom.d.ts","/home/hamza/.emacs.d/var/lsp/server/npm/typescript/lib/node_modules/typescript/lib/lib.dom.iterable.d.ts","/home/hamza/.emacs.d/var/lsp/server/npm/typescript/lib/node_modules/typescript/lib/lib.webworker.importscripts.d.ts","/home/hamza/.emacs.d/var/lsp/server/npm/typescript/lib/node_modules/typescript/lib/lib.scripthost.d.ts","/home/hamza/.emacs.d/var/lsp/server/npm/typescript/lib/node_modules/typescript/lib/lib.es2015.core.d.ts","/home/hamza/.emacs.d/var/lsp/server/npm/typescript/lib/node_modules/typescript/lib/lib.es2015.collection.d.ts","/home/hamza/.emacs.d/var/lsp/server/npm/typescript/lib/node_modules/typescript/lib/lib.es2015.generator.d.ts","/home/hamza/.emacs.d/var/lsp/server/npm/typescript/lib/node_modules/typescript/lib/lib.es2015.iterable.d.ts","/home/hamza/.emacs.d/var/lsp/server/npm/typescript/lib/node_modules/typescript/lib/lib.es2015.promise.d.ts","/home/hamza/.emacs.d/var/lsp/server/npm/typescript/lib/node_modules/typescript/lib/lib.es2015.proxy.d.ts","/home/hamza/.emacs.d/var/lsp/server/npm/typescript/lib/node_modules/typescript/lib/lib.es2015.reflect.d.ts","/home/hamza/.emacs.d/var/lsp/server/npm/typescript/lib/node_modules/typescript/lib/lib.es2015.symbol.d.ts","/home/hamza/.emacs.d/var/lsp/server/npm/typescript/lib/node_modules/typescript/lib/lib.es2015.symbol.wellknown.d.ts","/home/hamza/.emacs.d/var/lsp/server/npm/typescript/lib/node_modules/typescript/lib/lib.es2016.array.include.d.ts","/home/hamza/.emacs.d/var/lsp/server/npm/typescript/lib/node_modules/typescript/lib/lib.es2016.full.d.ts","/home/hamza/dev/react/quizzical/src/components/question.jsx","/home/hamza/dev/react/quizzical/src/data.jsx","/home/hamza/dev/react/quizzical/src/App.bak.js","/home/hamza/.cache/typescript/4.7/node_modules/@types/react/global.d.ts","/home/hamza/.cache/typescript/4.7/node_modules/@types/react/index.d.ts"],"compilerOptions":{"module":1,"target":3,"jsx":1,"allowJs":true,"allowSyntheticDefaultImports":true,"allowNonTsExtensions":true,"noEmitForJsFiles":true,"maxNodeModuleJsDepth":2},"typeAcquisition":{"enable":true,"include":[],"exclude":[]},"unresolvedImports":[],"projectRootPath":"/home/hamza/dev/react/quizzical/src","kind":"discover"}
[12:24:41.950] Explicitly included types: []
[12:24:41.950] Inferred 'react' typings due to presence of '.jsx' extension
[12:24:41.950] Inferred typings from unresolved imports: []
[12:24:41.950] Result: {"cachedTypingPaths":["/home/hamza/.cache/typescript/4.7/node_modules/@types/react/index.d.ts"],"newTypingNames":[],"filesToWatch":["/home/hamza/dev/react/quizzical/src/components/bower_components","/home/hamza/dev/react/quizzical/src/components/node_modules","/home/hamza/dev/react/quizzical/src/bower_components","/home/hamza/dev/react/quizzical/src/node_modules"]}
[12:24:41.950] Finished typings discovery: {"cachedTypingPaths":["/home/hamza/.cache/typescript/4.7/node_modules/@types/react/index.d.ts"],"newTypingNames":[],"filesToWatch":["/home/hamza/dev/react/quizzical/src/components/bower_components","/home/hamza/dev/react/quizzical/src/components/node_modules","/home/hamza/dev/react/quizzical/src/bower_components","/home/hamza/dev/react/quizzical/src/node_modules"]}
[12:24:41.950] Sending response:
    {"projectName":"/dev/null/inferredProject3*","typeAcquisition":{"enable":true,"include":[],"exclude":[]},"compilerOptions":{"module":1,"target":3,"jsx":1,"allowJs":true,"allowSyntheticDefaultImports":true,"allowNonTsExtensions":true,"noEmitForJsFiles":true,"maxNodeModuleJsDepth":2},"typings":["/home/hamza/.cache/typescript/4.7/node_modules/@types/react/index.d.ts"],"unresolvedImports":[],"kind":"action::set"}
[12:24:41.950] Response has been sent.
[12:24:41.950] No new typings were requested as a result of typings discovery
[12:24:46.790] Got install request {"projectName":"/dev/null/inferredProject4*","fileNames":["/home/hamza/.emacs.d/var/lsp/server/npm/typescript/lib/node_modules/typescript/lib/lib.es5.d.ts","/home/hamza/.emacs.d/var/lsp/server/npm/typescript/lib/node_modules/typescript/lib/lib.es2015.d.ts","/home/hamza/.emacs.d/var/lsp/server/npm/typescript/lib/node_modules/typescript/lib/lib.es2016.d.ts","/home/hamza/.emacs.d/var/lsp/server/npm/typescript/lib/node_modules/typescript/lib/lib.dom.d.ts","/home/hamza/.emacs.d/var/lsp/server/npm/typescript/lib/node_modules/typescript/lib/lib.dom.iterable.d.ts","/home/hamza/.emacs.d/var/lsp/server/npm/typescript/lib/node_modules/typescript/lib/lib.webworker.importscripts.d.ts","/home/hamza/.emacs.d/var/lsp/server/npm/typescript/lib/node_modules/typescript/lib/lib.scripthost.d.ts","/home/hamza/.emacs.d/var/lsp/server/npm/typescript/lib/node_modules/typescript/lib/lib.es2015.core.d.ts","/home/hamza/.emacs.d/var/lsp/server/npm/typescript/lib/node_modules/typescript/lib/lib.es2015.collection.d.ts","/home/hamza/.emacs.d/var/lsp/server/npm/typescript/lib/node_modules/typescript/lib/lib.es2015.generator.d.ts","/home/hamza/.emacs.d/var/lsp/server/npm/typescript/lib/node_modules/typescript/lib/lib.es2015.iterable.d.ts","/home/hamza/.emacs.d/var/lsp/server/npm/typescript/lib/node_modules/typescript/lib/lib.es2015.promise.d.ts","/home/hamza/.emacs.d/var/lsp/server/npm/typescript/lib/node_modules/typescript/lib/lib.es2015.proxy.d.ts","/home/hamza/.emacs.d/var/lsp/server/npm/typescript/lib/node_modules/typescript/lib/lib.es2015.reflect.d.ts","/home/hamza/.emacs.d/var/lsp/server/npm/typescript/lib/node_modules/typescript/lib/lib.es2015.symbol.d.ts","/home/hamza/.emacs.d/var/lsp/server/npm/typescript/lib/node_modules/typescript/lib/lib.es2015.symbol.wellknown.d.ts","/home/hamza/.emacs.d/var/lsp/server/npm/typescript/lib/node_modules/typescript/lib/lib.es2016.array.include.d.ts","/home/hamza/.emacs.d/var/lsp/server/npm/typescript/lib/node_modules/typescript/lib/lib.es2016.full.d.ts","/home/hamza/dev/react/quizzical/src/components/question.bak.js"],"compilerOptions":{"module":1,"target":3,"jsx":1,"allowJs":true,"allowSyntheticDefaultImports":true,"allowNonTsExtensions":true,"noEmitForJsFiles":true,"maxNodeModuleJsDepth":2},"typeAcquisition":{"enable":true,"include":[],"exclude":[]},"unresolvedImports":[],"projectRootPath":"/home/hamza/dev/react/quizzical/src/components","kind":"discover"}
[12:24:46.790] Explicitly included types: []
[12:24:46.791] Inferred typings from unresolved imports: []
[12:24:46.791] Result: {"cachedTypingPaths":[],"newTypingNames":[],"filesToWatch":["/home/hamza/dev/react/quizzical/src/components/bower_components","/home/hamza/dev/react/quizzical/src/components/node_modules"]}
[12:24:46.791] Finished typings discovery: {"cachedTypingPaths":[],"newTypingNames":[],"filesToWatch":["/home/hamza/dev/react/quizzical/src/components/bower_components","/home/hamza/dev/react/quizzical/src/components/node_modules"]}
[12:24:46.791] DirectoryWatcher:: Added:: WatchInfo: /home/hamza/dev/react/quizzical/src/components/bower_components
[12:24:46.791] DirectoryWatcher:: Added:: WatchInfo: /home/hamza/dev/react/quizzical/src/components/bower_components 1 undefined Project: /dev/null/inferredProject4* watcher already invoked: false
[12:24:46.791] Elapsed:: 0.032180000096559525ms DirectoryWatcher:: Added:: WatchInfo: /home/hamza/dev/react/quizzical/src/components/bower_components 1 undefined Project: /dev/null/inferredProject4* watcher already invoked: false
[12:24:46.791] DirectoryWatcher:: Added:: WatchInfo: /home/hamza/dev/react/quizzical/src/components/node_modules
[12:24:46.791] DirectoryWatcher:: Added:: WatchInfo: /home/hamza/dev/react/quizzical/src/components/node_modules 1 undefined Project: /dev/null/inferredProject4* watcher already invoked: false
[12:24:46.792] Elapsed:: 0.03223999962210655ms DirectoryWatcher:: Added:: WatchInfo: /home/hamza/dev/react/quizzical/src/components/node_modules 1 undefined Project: /dev/null/inferredProject4* watcher already invoked: false
[12:24:46.792] Sending response:
    {"projectName":"/dev/null/inferredProject4*","typeAcquisition":{"enable":true,"include":[],"exclude":[]},"compilerOptions":{"module":1,"target":3,"jsx":1,"allowJs":true,"allowSyntheticDefaultImports":true,"allowNonTsExtensions":true,"noEmitForJsFiles":true,"maxNodeModuleJsDepth":2},"typings":[],"unresolvedImports":[],"kind":"action::set"}
[12:24:46.792] Response has been sent.
[12:24:46.792] No new typings were requested as a result of typings discovery
[12:38:09.425] sysLog:: onTimerToUpdateChildWatches:: 1
[12:38:09.425] sysLog:: invokingWatchers:: Elapsed:: 0.1474559996277094ms:: 0
[12:38:09.425] DirectoryWatcher:: Triggered with /home/hamza/dev/react/quizzical/src/components/#question.jsx# 0:: WatchInfo: /home/hamza/dev/react/quizzical/src/components 1 undefined Project: /dev/null/inferredProject1* watcher already invoked: false
[12:38:09.425] Elapsed:: 0.01190200075507164ms DirectoryWatcher:: Triggered with /home/hamza/dev/react/quizzical/src/components/#question.jsx# 0:: WatchInfo: /home/hamza/dev/react/quizzical/src/components 1 undefined Project: /dev/null/inferredProject1* watcher already invoked: false
[12:38:09.426] DirectoryWatcher:: Triggered with /home/hamza/dev/react/quizzical/src/components/#question.jsx# 0:: WatchInfo: /home/hamza/dev/react/quizzical/src/components 1 undefined Project: /dev/null/inferredProject3* watcher already invoked: false
[12:38:09.426] Elapsed:: 0.005409998819231987ms DirectoryWatcher:: Triggered with /home/hamza/dev/react/quizzical/src/components/#question.jsx# 0:: WatchInfo: /home/hamza/dev/react/quizzical/src/components 1 undefined Project: /dev/null/inferredProject3* watcher already invoked: false
[12:38:09.426] sysLog:: Elapsed:: 0.3462790008634329ms:: onTimerToUpdateChildWatches:: 0 undefined
[12:38:12.233] sysLog:: onTimerToUpdateChildWatches:: 1
[12:38:12.234] sysLog:: invokingWatchers:: Elapsed:: 0.2211149986833334ms:: 0
[12:38:12.234] DirectoryWatcher:: Triggered with /home/hamza/dev/react/quizzical/src/components/#question.jsx# 0:: WatchInfo: /home/hamza/dev/react/quizzical/src/components 1 undefined Project: /dev/null/inferredProject1* watcher already invoked: false
[12:38:12.234] Elapsed:: 0.01787400059401989ms DirectoryWatcher:: Triggered with /home/hamza/dev/react/quizzical/src/components/#question.jsx# 0:: WatchInfo: /home/hamza/dev/react/quizzical/src/components 1 undefined Project: /dev/null/inferredProject1* watcher already invoked: false
[12:38:12.234] DirectoryWatcher:: Triggered with /home/hamza/dev/react/quizzical/src/components/#question.jsx# 0:: WatchInfo: /home/hamza/dev/react/quizzical/src/components 1 undefined Project: /dev/null/inferredProject3* watcher already invoked: false
[12:38:12.234] Elapsed:: 0.006953001022338867ms DirectoryWatcher:: Triggered with /home/hamza/dev/react/quizzical/src/components/#question.jsx# 0:: WatchInfo: /home/hamza/dev/react/quizzical/src/components 1 undefined Project: /dev/null/inferredProject3* watcher already invoked: false
[12:38:12.234] sysLog:: Elapsed:: 0.4870039988309145ms:: onTimerToUpdateChildWatches:: 0 undefined
[14:35:04.558] sysLog:: onTimerToUpdateChildWatches:: 1
[14:35:04.558] sysLog:: invokingWatchers:: Elapsed:: 0.14420099928975105ms:: 0
[14:35:04.559] DirectoryWatcher:: Triggered with /home/hamza/dev/react/quizzical/src/components/#question.jsx# 0:: WatchInfo: /home/hamza/dev/react/quizzical/src/components 1 undefined Project: /dev/null/inferredProject1* watcher already invoked: false
[14:35:04.559] Elapsed:: 0.01762400008738041ms DirectoryWatcher:: Triggered with /home/hamza/dev/react/quizzical/src/components/#question.jsx# 0:: WatchInfo: /home/hamza/dev/react/quizzical/src/components 1 undefined Project: /dev/null/inferredProject1* watcher already invoked: false
[14:35:04.559] DirectoryWatcher:: Triggered with /home/hamza/dev/react/quizzical/src/components/#question.jsx# 0:: WatchInfo: /home/hamza/dev/react/quizzical/src/components 1 undefined Project: /dev/null/inferredProject3* watcher already invoked: false
[14:35:04.559] Elapsed:: 0.015568999573588371ms DirectoryWatcher:: Triggered with /home/hamza/dev/react/quizzical/src/components/#question.jsx# 0:: WatchInfo: /home/hamza/dev/react/quizzical/src/components 1 undefined Project: /dev/null/inferredProject3* watcher already invoked: false
[14:35:04.559] sysLog:: Elapsed:: 0.5538289994001389ms:: onTimerToUpdateChildWatches:: 0 undefined
[14:35:12.608] sysLog:: onTimerToUpdateChildWatches:: 1
[14:35:12.609] sysLog:: invokingWatchers:: Elapsed:: 0.3555570002645254ms:: 0
[14:35:12.609] DirectoryWatcher:: Triggered with /home/hamza/dev/react/quizzical/src/components/#question.jsx# 0:: WatchInfo: /home/hamza/dev/react/quizzical/src/components 1 undefined Project: /dev/null/inferredProject1* watcher already invoked: false
[14:35:12.609] Elapsed:: 0.02469700016081333ms DirectoryWatcher:: Triggered with /home/hamza/dev/react/quizzical/src/components/#question.jsx# 0:: WatchInfo: /home/hamza/dev/react/quizzical/src/components 1 undefined Project: /dev/null/inferredProject1* watcher already invoked: false
[14:35:12.609] DirectoryWatcher:: Triggered with /home/hamza/dev/react/quizzical/src/components/#question.jsx# 0:: WatchInfo: /home/hamza/dev/react/quizzical/src/components 1 undefined Project: /dev/null/inferredProject3* watcher already invoked: false
[14:35:12.609] Elapsed:: 0.01090100035071373ms DirectoryWatcher:: Triggered with /home/hamza/dev/react/quizzical/src/components/#question.jsx# 0:: WatchInfo: /home/hamza/dev/react/quizzical/src/components 1 undefined Project: /dev/null/inferredProject3* watcher already invoked: false
[14:35:12.609] sysLog:: Elapsed:: 0.7385350000113249ms:: onTimerToUpdateChildWatches:: 0 undefined
