[11:59:11.065] Global cache location '/home/hamza/.cache/typescript/4.7', safe file path '/home/hamza/.emacs.d/var/lsp/server/npm/typescript/lib/node_modules/typescript/lib/typingSafeList.json', types map path /home/hamza/.emacs.d/var/lsp/server/npm/typescript/lib/node_modules/typescript/lib/typesMap.json
[11:59:11.066] Processing cache location '/home/hamza/.cache/typescript/4.7'
[11:59:11.066] Trying to find '/home/hamza/.cache/typescript/4.7/package.json'...
[11:59:11.189] Loaded content of '/home/hamza/.cache/typescript/4.7/package.json': {"private":true,"dependencies":{"types-registry":"^0.1.602"},"devDependencies":{"@types/babel__core":"^7.1.19","@types/babel__preset-env":"^7.9.2","@types/react":"^18.0.15","@types/react-dom":"^18.0.6"}}
[11:59:11.189] Loaded content of '/home/hamza/.cache/typescript/4.7/package-lock.json'
[11:59:11.303] Adding entry into typings cache: 'babel__core' => '/home/hamza/.cache/typescript/4.7/node_modules/@types/babel__core/index.d.ts'
[11:59:11.316] Adding entry into typings cache: 'babel__preset-env' => '/home/hamza/.cache/typescript/4.7/node_modules/@types/babel__preset-env/index.d.ts'
[11:59:11.343] Adding entry into typings cache: 'react' => '/home/hamza/.cache/typescript/4.7/node_modules/@types/react/index.d.ts'
[11:59:11.355] Adding entry into typings cache: 'react-dom' => '/home/hamza/.cache/typescript/4.7/node_modules/@types/react-dom/index.d.ts'
[11:59:11.356] Finished processing cache location '/home/hamza/.cache/typescript/4.7'
[11:59:11.356] Process id: 12442
[11:59:11.356] NPM location: /usr/bin/npm (explicit '--npmLocation' not  provided)
[11:59:11.356] validateDefaultNpmLocation: false
[11:59:11.357] Npm config file: /home/hamza/.cache/typescript/4.7/package.json
[11:59:11.357] Updating types-registry npm package...
[11:59:11.357] Exec: /usr/bin/npm install --ignore-scripts types-registry@latest
[11:59:13.811]     Succeeded. stdout:
    
    up to date, audited 16 packages in 2s

found 0 vulnerabilities

[11:59:13.812] Updated types-registry npm package
[11:59:16.302] Got install request {"projectName":"/dev/null/inferredProject1*","fileNames":["/home/hamza/.emacs.d/var/lsp/server/npm/typescript/lib/node_modules/typescript/lib/lib.es5.d.ts","/home/hamza/.emacs.d/var/lsp/server/npm/typescript/lib/node_modules/typescript/lib/lib.es2015.d.ts","/home/hamza/.emacs.d/var/lsp/server/npm/typescript/lib/node_modules/typescript/lib/lib.es2016.d.ts","/home/hamza/.emacs.d/var/lsp/server/npm/typescript/lib/node_modules/typescript/lib/lib.dom.d.ts","/home/hamza/.emacs.d/var/lsp/server/npm/typescript/lib/node_modules/typescript/lib/lib.dom.iterable.d.ts","/home/hamza/.emacs.d/var/lsp/server/npm/typescript/lib/node_modules/typescript/lib/lib.webworker.importscripts.d.ts","/home/hamza/.emacs.d/var/lsp/server/npm/typescript/lib/node_modules/typescript/lib/lib.scripthost.d.ts","/home/hamza/.emacs.d/var/lsp/server/npm/typescript/lib/node_modules/typescript/lib/lib.es2015.core.d.ts","/home/hamza/.emacs.d/var/lsp/server/npm/typescript/lib/node_modules/typescript/lib/lib.es2015.collection.d.ts","/home/hamza/.emacs.d/var/lsp/server/npm/typescript/lib/node_modules/typescript/lib/lib.es2015.generator.d.ts","/home/hamza/.emacs.d/var/lsp/server/npm/typescript/lib/node_modules/typescript/lib/lib.es2015.iterable.d.ts","/home/hamza/.emacs.d/var/lsp/server/npm/typescript/lib/node_modules/typescript/lib/lib.es2015.promise.d.ts","/home/hamza/.emacs.d/var/lsp/server/npm/typescript/lib/node_modules/typescript/lib/lib.es2015.proxy.d.ts","/home/hamza/.emacs.d/var/lsp/server/npm/typescript/lib/node_modules/typescript/lib/lib.es2015.reflect.d.ts","/home/hamza/.emacs.d/var/lsp/server/npm/typescript/lib/node_modules/typescript/lib/lib.es2015.symbol.d.ts","/home/hamza/.emacs.d/var/lsp/server/npm/typescript/lib/node_modules/typescript/lib/lib.es2015.symbol.wellknown.d.ts","/home/hamza/.emacs.d/var/lsp/server/npm/typescript/lib/node_modules/typescript/lib/lib.es2016.array.include.d.ts","/home/hamza/.emacs.d/var/lsp/server/npm/typescript/lib/node_modules/typescript/lib/lib.es2016.full.d.ts","/home/hamza/dev/react/quizzical/src/components/question.jsx","/home/hamza/dev/react/quizzical/src/data.jsx","/home/hamza/dev/react/quizzical/src/App.js"],"compilerOptions":{"module":1,"target":3,"jsx":1,"allowJs":true,"allowSyntheticDefaultImports":true,"allowNonTsExtensions":true,"noEmitForJsFiles":true,"maxNodeModuleJsDepth":2},"typeAcquisition":{"enable":true,"include":[],"exclude":[]},"unresolvedImports":[],"projectRootPath":"/home/hamza/dev/react/quizzical/src","kind":"discover"}
[11:59:16.322] Loaded safelist from types map file '/home/hamza/.emacs.d/var/lsp/server/npm/typescript/lib/node_modules/typescript/lib/typesMap.json'
[11:59:16.324] Explicitly included types: []
[11:59:16.325] Inferred 'react' typings due to presence of '.jsx' extension
[11:59:16.325] Inferred typings from unresolved imports: []
[11:59:16.326] Result: {"cachedTypingPaths":["/home/hamza/.cache/typescript/4.7/node_modules/@types/react/index.d.ts"],"newTypingNames":[],"filesToWatch":["/home/hamza/dev/react/quizzical/src/components/bower_components","/home/hamza/dev/react/quizzical/src/components/node_modules","/home/hamza/dev/react/quizzical/src/bower_components","/home/hamza/dev/react/quizzical/src/node_modules"]}
[11:59:16.326] Finished typings discovery: {"cachedTypingPaths":["/home/hamza/.cache/typescript/4.7/node_modules/@types/react/index.d.ts"],"newTypingNames":[],"filesToWatch":["/home/hamza/dev/react/quizzical/src/components/bower_components","/home/hamza/dev/react/quizzical/src/components/node_modules","/home/hamza/dev/react/quizzical/src/bower_components","/home/hamza/dev/react/quizzical/src/node_modules"]}
[11:59:16.326] DirectoryWatcher:: Added:: WatchInfo: /home/hamza/dev/react/quizzical/src/components
[11:59:16.327] DirectoryWatcher:: Added:: WatchInfo: /home/hamza/dev/react/quizzical/src/components 1 undefined Project: /dev/null/inferredProject1* watcher already invoked: false
[11:59:16.329] Elapsed:: 2.4459189996123314ms DirectoryWatcher:: Added:: WatchInfo: /home/hamza/dev/react/quizzical/src/components 1 undefined Project: /dev/null/inferredProject1* watcher already invoked: false
[11:59:16.330] DirectoryWatcher:: Added:: WatchInfo: /home/hamza/dev/react/quizzical/src/bower_components
[11:59:16.330] DirectoryWatcher:: Added:: WatchInfo: /home/hamza/dev/react/quizzical/src/bower_components 1 undefined Project: /dev/null/inferredProject1* watcher already invoked: false
[11:59:16.331] Elapsed:: 0.9919410003349185ms DirectoryWatcher:: Added:: WatchInfo: /home/hamza/dev/react/quizzical/src/bower_components 1 undefined Project: /dev/null/inferredProject1* watcher already invoked: false
[11:59:16.331] DirectoryWatcher:: Added:: WatchInfo: /home/hamza/dev/react/quizzical/src/node_modules
[11:59:16.331] DirectoryWatcher:: Added:: WatchInfo: /home/hamza/dev/react/quizzical/src/node_modules 1 undefined Project: /dev/null/inferredProject1* watcher already invoked: false
[11:59:16.331] Elapsed:: 0.12451399955898523ms DirectoryWatcher:: Added:: WatchInfo: /home/hamza/dev/react/quizzical/src/node_modules 1 undefined Project: /dev/null/inferredProject1* watcher already invoked: false
[11:59:16.332] Sending response:
    {"projectName":"/dev/null/inferredProject1*","typeAcquisition":{"enable":true,"include":[],"exclude":[]},"compilerOptions":{"module":1,"target":3,"jsx":1,"allowJs":true,"allowSyntheticDefaultImports":true,"allowNonTsExtensions":true,"noEmitForJsFiles":true,"maxNodeModuleJsDepth":2},"typings":["/home/hamza/.cache/typescript/4.7/node_modules/@types/react/index.d.ts"],"unresolvedImports":[],"kind":"action::set"}
[11:59:16.332] Response has been sent.
[11:59:16.332] No new typings were requested as a result of typings discovery
[11:59:16.713] Got install request {"projectName":"/dev/null/inferredProject1*","fileNames":["/home/hamza/.emacs.d/var/lsp/server/npm/typescript/lib/node_modules/typescript/lib/lib.es5.d.ts","/home/hamza/.emacs.d/var/lsp/server/npm/typescript/lib/node_modules/typescript/lib/lib.es2015.d.ts","/home/hamza/.emacs.d/var/lsp/server/npm/typescript/lib/node_modules/typescript/lib/lib.es2016.d.ts","/home/hamza/.emacs.d/var/lsp/server/npm/typescript/lib/node_modules/typescript/lib/lib.dom.d.ts","/home/hamza/.emacs.d/var/lsp/server/npm/typescript/lib/node_modules/typescript/lib/lib.dom.iterable.d.ts","/home/hamza/.emacs.d/var/lsp/server/npm/typescript/lib/node_modules/typescript/lib/lib.webworker.importscripts.d.ts","/home/hamza/.emacs.d/var/lsp/server/npm/typescript/lib/node_modules/typescript/lib/lib.scripthost.d.ts","/home/hamza/.emacs.d/var/lsp/server/npm/typescript/lib/node_modules/typescript/lib/lib.es2015.core.d.ts","/home/hamza/.emacs.d/var/lsp/server/npm/typescript/lib/node_modules/typescript/lib/lib.es2015.collection.d.ts","/home/hamza/.emacs.d/var/lsp/server/npm/typescript/lib/node_modules/typescript/lib/lib.es2015.generator.d.ts","/home/hamza/.emacs.d/var/lsp/server/npm/typescript/lib/node_modules/typescript/lib/lib.es2015.iterable.d.ts","/home/hamza/.emacs.d/var/lsp/server/npm/typescript/lib/node_modules/typescript/lib/lib.es2015.promise.d.ts","/home/hamza/.emacs.d/var/lsp/server/npm/typescript/lib/node_modules/typescript/lib/lib.es2015.proxy.d.ts","/home/hamza/.emacs.d/var/lsp/server/npm/typescript/lib/node_modules/typescript/lib/lib.es2015.reflect.d.ts","/home/hamza/.emacs.d/var/lsp/server/npm/typescript/lib/node_modules/typescript/lib/lib.es2015.symbol.d.ts","/home/hamza/.emacs.d/var/lsp/server/npm/typescript/lib/node_modules/typescript/lib/lib.es2015.symbol.wellknown.d.ts","/home/hamza/.emacs.d/var/lsp/server/npm/typescript/lib/node_modules/typescript/lib/lib.es2016.array.include.d.ts","/home/hamza/.emacs.d/var/lsp/server/npm/typescript/lib/node_modules/typescript/lib/lib.es2016.full.d.ts","/home/hamza/dev/react/quizzical/src/components/question.jsx","/home/hamza/dev/react/quizzical/src/data.jsx","/home/hamza/dev/react/quizzical/src/App.js","/home/hamza/.cache/typescript/4.7/node_modules/@types/react/global.d.ts","/home/hamza/.cache/typescript/4.7/node_modules/@types/react/index.d.ts"],"compilerOptions":{"module":1,"target":3,"jsx":1,"allowJs":true,"allowSyntheticDefaultImports":true,"allowNonTsExtensions":true,"noEmitForJsFiles":true,"maxNodeModuleJsDepth":2},"typeAcquisition":{"enable":true,"include":[],"exclude":[]},"unresolvedImports":[],"projectRootPath":"/home/hamza/dev/react/quizzical/src","kind":"discover"}
[11:59:16.713] Explicitly included types: []
[11:59:16.713] Inferred 'react' typings due to presence of '.jsx' extension
[11:59:16.713] Inferred typings from unresolved imports: []
[11:59:16.713] Result: {"cachedTypingPaths":["/home/hamza/.cache/typescript/4.7/node_modules/@types/react/index.d.ts"],"newTypingNames":[],"filesToWatch":["/home/hamza/dev/react/quizzical/src/components/bower_components","/home/hamza/dev/react/quizzical/src/components/node_modules","/home/hamza/dev/react/quizzical/src/bower_components","/home/hamza/dev/react/quizzical/src/node_modules"]}
[11:59:16.713] Finished typings discovery: {"cachedTypingPaths":["/home/hamza/.cache/typescript/4.7/node_modules/@types/react/index.d.ts"],"newTypingNames":[],"filesToWatch":["/home/hamza/dev/react/quizzical/src/components/bower_components","/home/hamza/dev/react/quizzical/src/components/node_modules","/home/hamza/dev/react/quizzical/src/bower_components","/home/hamza/dev/react/quizzical/src/node_modules"]}
[11:59:16.713] Sending response:
    {"projectName":"/dev/null/inferredProject1*","typeAcquisition":{"enable":true,"include":[],"exclude":[]},"compilerOptions":{"module":1,"target":3,"jsx":1,"allowJs":true,"allowSyntheticDefaultImports":true,"allowNonTsExtensions":true,"noEmitForJsFiles":true,"maxNodeModuleJsDepth":2},"typings":["/home/hamza/.cache/typescript/4.7/node_modules/@types/react/index.d.ts"],"unresolvedImports":[],"kind":"action::set"}
[11:59:16.713] Response has been sent.
[11:59:16.713] No new typings were requested as a result of typings discovery
[12:00:26.377] sysLog:: onTimerToUpdateChildWatches:: 1
[12:00:26.378] sysLog:: invokingWatchers:: Elapsed:: 0.2658289996907115ms:: 0
[12:00:26.378] DirectoryWatcher:: Triggered with /home/hamza/dev/react/quizzical/src/components/question.jsx 0:: WatchInfo: /home/hamza/dev/react/quizzical/src/components 1 undefined Project: /dev/null/inferredProject1* watcher already invoked: false
[12:00:26.378] Elapsed:: 0.0846579996868968ms DirectoryWatcher:: Triggered with /home/hamza/dev/react/quizzical/src/components/question.jsx 0:: WatchInfo: /home/hamza/dev/react/quizzical/src/components 1 undefined Project: /dev/null/inferredProject1* watcher already invoked: false
[12:00:26.378] DirectoryWatcher:: Triggered with /home/hamza/dev/react/quizzical/src/components/question.jsx 1:: WatchInfo: /home/hamza/dev/react/quizzical/src/components 1 undefined Project: /dev/null/inferredProject1* watcher already invoked: false
[12:00:26.378] Elapsed:: 0.007563999854028225ms DirectoryWatcher:: Triggered with /home/hamza/dev/react/quizzical/src/components/question.jsx 1:: WatchInfo: /home/hamza/dev/react/quizzical/src/components 1 undefined Project: /dev/null/inferredProject1* watcher already invoked: false
[12:00:26.378] sysLog:: Elapsed:: 0.8863530000671744ms:: onTimerToUpdateChildWatches:: 0 undefined
[12:04:05.851] sysLog:: onTimerToUpdateChildWatches:: 1
[12:04:05.852] sysLog:: invokingWatchers:: Elapsed:: 0.2677020002156496ms:: 0
[12:04:05.852] DirectoryWatcher:: Triggered with /home/hamza/dev/react/quizzical/src/components/#question.jsx# 0:: WatchInfo: /home/hamza/dev/react/quizzical/src/components 1 undefined Project: /dev/null/inferredProject1* watcher already invoked: false
[12:04:05.852] Elapsed:: 0.017443000338971615ms DirectoryWatcher:: Triggered with /home/hamza/dev/react/quizzical/src/components/#question.jsx# 0:: WatchInfo: /home/hamza/dev/react/quizzical/src/components 1 undefined Project: /dev/null/inferredProject1* watcher already invoked: false
[12:04:05.852] sysLog:: Elapsed:: 0.4851299999281764ms:: onTimerToUpdateChildWatches:: 0 undefined
[12:04:11.352] sysLog:: onTimerToUpdateChildWatches:: 1
[12:04:11.353] sysLog:: invokingWatchers:: Elapsed:: 0.20165800023823977ms:: 0
[12:04:11.353] DirectoryWatcher:: Triggered with /home/hamza/dev/react/quizzical/src/components/#question.jsx# 0:: WatchInfo: /home/hamza/dev/react/quizzical/src/components 1 undefined Project: /dev/null/inferredProject1* watcher already invoked: false
[12:04:11.353] Elapsed:: 0.017622999846935272ms DirectoryWatcher:: Triggered with /home/hamza/dev/react/quizzical/src/components/#question.jsx# 0:: WatchInfo: /home/hamza/dev/react/quizzical/src/components 1 undefined Project: /dev/null/inferredProject1* watcher already invoked: false
[12:04:11.353] sysLog:: Elapsed:: 0.44352199975401163ms:: onTimerToUpdateChildWatches:: 0 undefined
[12:12:18.993] sysLog:: onTimerToUpdateChildWatches:: 1
[12:12:18.993] sysLog:: invokingWatchers:: Elapsed:: 0.2297010002657771ms:: 0
[12:12:18.993] DirectoryWatcher:: Triggered with /home/hamza/dev/react/quizzical/src/components/question.bak.js 0:: WatchInfo: /home/hamza/dev/react/quizzical/src/components 1 undefined Project: /dev/null/inferredProject1* watcher already invoked: false
[12:12:18.993] Elapsed:: 0.050574999302625656ms DirectoryWatcher:: Triggered with /home/hamza/dev/react/quizzical/src/components/question.bak.js 0:: WatchInfo: /home/hamza/dev/react/quizzical/src/components 1 undefined Project: /dev/null/inferredProject1* watcher already invoked: false
[12:12:18.993] sysLog:: Elapsed:: 0.525777000002563ms:: onTimerToUpdateChildWatches:: 0 undefined
[12:12:40.958] Got install request {"projectName":"/dev/null/inferredProject2*","fileNames":["/home/hamza/.emacs.d/var/lsp/server/npm/typescript/lib/node_modules/typescript/lib/lib.es5.d.ts","/home/hamza/.emacs.d/var/lsp/server/npm/typescript/lib/node_modules/typescript/lib/lib.es2015.d.ts","/home/hamza/.emacs.d/var/lsp/server/npm/typescript/lib/node_modules/typescript/lib/lib.es2016.d.ts","/home/hamza/.emacs.d/var/lsp/server/npm/typescript/lib/node_modules/typescript/lib/lib.dom.d.ts","/home/hamza/.emacs.d/var/lsp/server/npm/typescript/lib/node_modules/typescript/lib/lib.dom.iterable.d.ts","/home/hamza/.emacs.d/var/lsp/server/npm/typescript/lib/node_modules/typescript/lib/lib.webworker.importscripts.d.ts","/home/hamza/.emacs.d/var/lsp/server/npm/typescript/lib/node_modules/typescript/lib/lib.scripthost.d.ts","/home/hamza/.emacs.d/var/lsp/server/npm/typescript/lib/node_modules/typescript/lib/lib.es2015.core.d.ts","/home/hamza/.emacs.d/var/lsp/server/npm/typescript/lib/node_modules/typescript/lib/lib.es2015.collection.d.ts","/home/hamza/.emacs.d/var/lsp/server/npm/typescript/lib/node_modules/typescript/lib/lib.es2015.generator.d.ts","/home/hamza/.emacs.d/var/lsp/server/npm/typescript/lib/node_modules/typescript/lib/lib.es2015.iterable.d.ts","/home/hamza/.emacs.d/var/lsp/server/npm/typescript/lib/node_modules/typescript/lib/lib.es2015.promise.d.ts","/home/hamza/.emacs.d/var/lsp/server/npm/typescript/lib/node_modules/typescript/lib/lib.es2015.proxy.d.ts","/home/hamza/.emacs.d/var/lsp/server/npm/typescript/lib/node_modules/typescript/lib/lib.es2015.reflect.d.ts","/home/hamza/.emacs.d/var/lsp/server/npm/typescript/lib/node_modules/typescript/lib/lib.es2015.symbol.d.ts","/home/hamza/.emacs.d/var/lsp/server/npm/typescript/lib/node_modules/typescript/lib/lib.es2015.symbol.wellknown.d.ts","/home/hamza/.emacs.d/var/lsp/server/npm/typescript/lib/node_modules/typescript/lib/lib.es2016.array.include.d.ts","/home/hamza/.emacs.d/var/lsp/server/npm/typescript/lib/node_modules/typescript/lib/lib.es2016.full.d.ts","/home/hamza/dev/react/quizzical/src/components/question.bak.js"],"compilerOptions":{"module":1,"target":3,"jsx":1,"allowJs":true,"allowSyntheticDefaultImports":true,"allowNonTsExtensions":true,"noEmitForJsFiles":true,"maxNodeModuleJsDepth":2},"typeAcquisition":{"enable":true,"include":[],"exclude":[]},"unresolvedImports":[],"projectRootPath":"/home/hamza/dev/react/quizzical/src/components","kind":"discover"}
[12:12:40.958] Explicitly included types: []
[12:12:40.958] Inferred typings from unresolved imports: []
[12:12:40.958] Result: {"cachedTypingPaths":[],"newTypingNames":[],"filesToWatch":["/home/hamza/dev/react/quizzical/src/components/bower_components","/home/hamza/dev/react/quizzical/src/components/node_modules"]}
[12:12:40.958] Finished typings discovery: {"cachedTypingPaths":[],"newTypingNames":[],"filesToWatch":["/home/hamza/dev/react/quizzical/src/components/bower_components","/home/hamza/dev/react/quizzical/src/components/node_modules"]}
[12:12:40.958] DirectoryWatcher:: Added:: WatchInfo: /home/hamza/dev/react/quizzical/src/components/bower_components
[12:12:40.958] DirectoryWatcher:: Added:: WatchInfo: /home/hamza/dev/react/quizzical/src/components/bower_components 1 undefined Project: /dev/null/inferredProject2* watcher already invoked: false
[12:12:40.959] Elapsed:: 0.10402499977499247ms DirectoryWatcher:: Added:: WatchInfo: /home/hamza/dev/react/quizzical/src/components/bower_components 1 undefined Project: /dev/null/inferredProject2* watcher already invoked: false
[12:12:40.959] DirectoryWatcher:: Added:: WatchInfo: /home/hamza/dev/react/quizzical/src/components/node_modules
[12:12:40.959] DirectoryWatcher:: Added:: WatchInfo: /home/hamza/dev/react/quizzical/src/components/node_modules 1 undefined Project: /dev/null/inferredProject2* watcher already invoked: false
[12:12:40.959] Elapsed:: 0.10863399971276522ms DirectoryWatcher:: Added:: WatchInfo: /home/hamza/dev/react/quizzical/src/components/node_modules 1 undefined Project: /dev/null/inferredProject2* watcher already invoked: false
[12:12:40.959] Sending response:
    {"projectName":"/dev/null/inferredProject2*","typeAcquisition":{"enable":true,"include":[],"exclude":[]},"compilerOptions":{"module":1,"target":3,"jsx":1,"allowJs":true,"allowSyntheticDefaultImports":true,"allowNonTsExtensions":true,"noEmitForJsFiles":true,"maxNodeModuleJsDepth":2},"typings":[],"unresolvedImports":[],"kind":"action::set"}
[12:12:40.959] Response has been sent.
[12:12:40.959] No new typings were requested as a result of typings discovery
