[18:44:43.327] Global cache location '/home/hamza/.cache/typescript/4.7', safe file path '/home/hamza/.emacs.d/var/lsp/server/npm/typescript/lib/node_modules/typescript/lib/typingSafeList.json', types map path /home/hamza/.emacs.d/var/lsp/server/npm/typescript/lib/node_modules/typescript/lib/typesMap.json
[18:44:43.328] Processing cache location '/home/hamza/.cache/typescript/4.7'
[18:44:43.328] Trying to find '/home/hamza/.cache/typescript/4.7/package.json'...
[18:44:43.383] Loaded content of '/home/hamza/.cache/typescript/4.7/package.json': {"private":true,"dependencies":{"types-registry":"^0.1.602"},"devDependencies":{"@types/babel__core":"^7.1.19","@types/babel__preset-env":"^7.9.2","@types/react":"^18.0.15","@types/react-dom":"^18.0.6"}}
[18:44:43.383] Loaded content of '/home/hamza/.cache/typescript/4.7/package-lock.json'
[18:44:43.454] Adding entry into typings cache: 'babel__core' => '/home/hamza/.cache/typescript/4.7/node_modules/@types/babel__core/index.d.ts'
[18:44:43.467] Adding entry into typings cache: 'babel__preset-env' => '/home/hamza/.cache/typescript/4.7/node_modules/@types/babel__preset-env/index.d.ts'
[18:44:43.516] Adding entry into typings cache: 'react' => '/home/hamza/.cache/typescript/4.7/node_modules/@types/react/index.d.ts'
[18:44:43.531] Adding entry into typings cache: 'react-dom' => '/home/hamza/.cache/typescript/4.7/node_modules/@types/react-dom/index.d.ts'
[18:44:43.531] Finished processing cache location '/home/hamza/.cache/typescript/4.7'
[18:44:43.531] Process id: 2249
[18:44:43.531] NPM location: /usr/bin/npm (explicit '--npmLocation' not  provided)
[18:44:43.531] validateDefaultNpmLocation: false
[18:44:43.532] Npm config file: /home/hamza/.cache/typescript/4.7/package.json
[18:44:43.532] Updating types-registry npm package...
[18:44:43.532] Exec: /usr/bin/npm install --ignore-scripts types-registry@latest
[18:44:45.606]     Succeeded. stdout:
    
    up to date, audited 16 packages in 1s

found 0 vulnerabilities

[18:44:45.606] Updated types-registry npm package
[18:44:49.255] Got install request {"projectName":"/dev/null/inferredProject1*","fileNames":["/home/hamza/.emacs.d/var/lsp/server/npm/typescript/lib/node_modules/typescript/lib/lib.es5.d.ts","/home/hamza/.emacs.d/var/lsp/server/npm/typescript/lib/node_modules/typescript/lib/lib.es2015.d.ts","/home/hamza/.emacs.d/var/lsp/server/npm/typescript/lib/node_modules/typescript/lib/lib.es2016.d.ts","/home/hamza/.emacs.d/var/lsp/server/npm/typescript/lib/node_modules/typescript/lib/lib.dom.d.ts","/home/hamza/.emacs.d/var/lsp/server/npm/typescript/lib/node_modules/typescript/lib/lib.dom.iterable.d.ts","/home/hamza/.emacs.d/var/lsp/server/npm/typescript/lib/node_modules/typescript/lib/lib.webworker.importscripts.d.ts","/home/hamza/.emacs.d/var/lsp/server/npm/typescript/lib/node_modules/typescript/lib/lib.scripthost.d.ts","/home/hamza/.emacs.d/var/lsp/server/npm/typescript/lib/node_modules/typescript/lib/lib.es2015.core.d.ts","/home/hamza/.emacs.d/var/lsp/server/npm/typescript/lib/node_modules/typescript/lib/lib.es2015.collection.d.ts","/home/hamza/.emacs.d/var/lsp/server/npm/typescript/lib/node_modules/typescript/lib/lib.es2015.generator.d.ts","/home/hamza/.emacs.d/var/lsp/server/npm/typescript/lib/node_modules/typescript/lib/lib.es2015.iterable.d.ts","/home/hamza/.emacs.d/var/lsp/server/npm/typescript/lib/node_modules/typescript/lib/lib.es2015.promise.d.ts","/home/hamza/.emacs.d/var/lsp/server/npm/typescript/lib/node_modules/typescript/lib/lib.es2015.proxy.d.ts","/home/hamza/.emacs.d/var/lsp/server/npm/typescript/lib/node_modules/typescript/lib/lib.es2015.reflect.d.ts","/home/hamza/.emacs.d/var/lsp/server/npm/typescript/lib/node_modules/typescript/lib/lib.es2015.symbol.d.ts","/home/hamza/.emacs.d/var/lsp/server/npm/typescript/lib/node_modules/typescript/lib/lib.es2015.symbol.wellknown.d.ts","/home/hamza/.emacs.d/var/lsp/server/npm/typescript/lib/node_modules/typescript/lib/lib.es2016.array.include.d.ts","/home/hamza/.emacs.d/var/lsp/server/npm/typescript/lib/node_modules/typescript/lib/lib.es2016.full.d.ts","/home/hamza/dev/react/quizzical/src/components/question.jsx","/home/hamza/dev/react/quizzical/src/data.jsx","/home/hamza/dev/react/quizzical/src/App.js"],"compilerOptions":{"module":1,"target":3,"jsx":1,"allowJs":true,"allowSyntheticDefaultImports":true,"allowNonTsExtensions":true,"noEmitForJsFiles":true,"maxNodeModuleJsDepth":2},"typeAcquisition":{"enable":true,"include":[],"exclude":[]},"unresolvedImports":[],"projectRootPath":"/home/hamza/dev/react/quizzical/src","kind":"discover"}
[18:44:49.264] Loaded safelist from types map file '/home/hamza/.emacs.d/var/lsp/server/npm/typescript/lib/node_modules/typescript/lib/typesMap.json'
[18:44:49.264] Explicitly included types: []
[18:44:49.264] Inferred 'react' typings due to presence of '.jsx' extension
[18:44:49.265] Inferred typings from unresolved imports: []
[18:44:49.265] Result: {"cachedTypingPaths":["/home/hamza/.cache/typescript/4.7/node_modules/@types/react/index.d.ts"],"newTypingNames":[],"filesToWatch":["/home/hamza/dev/react/quizzical/src/components/bower_components","/home/hamza/dev/react/quizzical/src/components/node_modules","/home/hamza/dev/react/quizzical/src/bower_components","/home/hamza/dev/react/quizzical/src/node_modules"]}
[18:44:49.265] Finished typings discovery: {"cachedTypingPaths":["/home/hamza/.cache/typescript/4.7/node_modules/@types/react/index.d.ts"],"newTypingNames":[],"filesToWatch":["/home/hamza/dev/react/quizzical/src/components/bower_components","/home/hamza/dev/react/quizzical/src/components/node_modules","/home/hamza/dev/react/quizzical/src/bower_components","/home/hamza/dev/react/quizzical/src/node_modules"]}
[18:44:49.265] DirectoryWatcher:: Added:: WatchInfo: /home/hamza/dev/react/quizzical/src/components
[18:44:49.265] DirectoryWatcher:: Added:: WatchInfo: /home/hamza/dev/react/quizzical/src/components 1 undefined Project: /dev/null/inferredProject1* watcher already invoked: false
[18:44:49.266] Elapsed:: 0.9053580000181682ms DirectoryWatcher:: Added:: WatchInfo: /home/hamza/dev/react/quizzical/src/components 1 undefined Project: /dev/null/inferredProject1* watcher already invoked: false
[18:44:49.267] DirectoryWatcher:: Added:: WatchInfo: /home/hamza/dev/react/quizzical/src/bower_components
[18:44:49.267] DirectoryWatcher:: Added:: WatchInfo: /home/hamza/dev/react/quizzical/src/bower_components 1 undefined Project: /dev/null/inferredProject1* watcher already invoked: false
[18:44:49.267] Elapsed:: 0.5568140000104904ms DirectoryWatcher:: Added:: WatchInfo: /home/hamza/dev/react/quizzical/src/bower_components 1 undefined Project: /dev/null/inferredProject1* watcher already invoked: false
[18:44:49.267] DirectoryWatcher:: Added:: WatchInfo: /home/hamza/dev/react/quizzical/src/node_modules
[18:44:49.267] DirectoryWatcher:: Added:: WatchInfo: /home/hamza/dev/react/quizzical/src/node_modules 1 undefined Project: /dev/null/inferredProject1* watcher already invoked: false
[18:44:49.268] Elapsed:: 0.10220100000151433ms DirectoryWatcher:: Added:: WatchInfo: /home/hamza/dev/react/quizzical/src/node_modules 1 undefined Project: /dev/null/inferredProject1* watcher already invoked: false
[18:44:49.268] Sending response:
    {"projectName":"/dev/null/inferredProject1*","typeAcquisition":{"enable":true,"include":[],"exclude":[]},"compilerOptions":{"module":1,"target":3,"jsx":1,"allowJs":true,"allowSyntheticDefaultImports":true,"allowNonTsExtensions":true,"noEmitForJsFiles":true,"maxNodeModuleJsDepth":2},"typings":["/home/hamza/.cache/typescript/4.7/node_modules/@types/react/index.d.ts"],"unresolvedImports":[],"kind":"action::set"}
[18:44:49.268] Response has been sent.
[18:44:49.268] No new typings were requested as a result of typings discovery
[18:44:49.664] Got install request {"projectName":"/dev/null/inferredProject1*","fileNames":["/home/hamza/.emacs.d/var/lsp/server/npm/typescript/lib/node_modules/typescript/lib/lib.es5.d.ts","/home/hamza/.emacs.d/var/lsp/server/npm/typescript/lib/node_modules/typescript/lib/lib.es2015.d.ts","/home/hamza/.emacs.d/var/lsp/server/npm/typescript/lib/node_modules/typescript/lib/lib.es2016.d.ts","/home/hamza/.emacs.d/var/lsp/server/npm/typescript/lib/node_modules/typescript/lib/lib.dom.d.ts","/home/hamza/.emacs.d/var/lsp/server/npm/typescript/lib/node_modules/typescript/lib/lib.dom.iterable.d.ts","/home/hamza/.emacs.d/var/lsp/server/npm/typescript/lib/node_modules/typescript/lib/lib.webworker.importscripts.d.ts","/home/hamza/.emacs.d/var/lsp/server/npm/typescript/lib/node_modules/typescript/lib/lib.scripthost.d.ts","/home/hamza/.emacs.d/var/lsp/server/npm/typescript/lib/node_modules/typescript/lib/lib.es2015.core.d.ts","/home/hamza/.emacs.d/var/lsp/server/npm/typescript/lib/node_modules/typescript/lib/lib.es2015.collection.d.ts","/home/hamza/.emacs.d/var/lsp/server/npm/typescript/lib/node_modules/typescript/lib/lib.es2015.generator.d.ts","/home/hamza/.emacs.d/var/lsp/server/npm/typescript/lib/node_modules/typescript/lib/lib.es2015.iterable.d.ts","/home/hamza/.emacs.d/var/lsp/server/npm/typescript/lib/node_modules/typescript/lib/lib.es2015.promise.d.ts","/home/hamza/.emacs.d/var/lsp/server/npm/typescript/lib/node_modules/typescript/lib/lib.es2015.proxy.d.ts","/home/hamza/.emacs.d/var/lsp/server/npm/typescript/lib/node_modules/typescript/lib/lib.es2015.reflect.d.ts","/home/hamza/.emacs.d/var/lsp/server/npm/typescript/lib/node_modules/typescript/lib/lib.es2015.symbol.d.ts","/home/hamza/.emacs.d/var/lsp/server/npm/typescript/lib/node_modules/typescript/lib/lib.es2015.symbol.wellknown.d.ts","/home/hamza/.emacs.d/var/lsp/server/npm/typescript/lib/node_modules/typescript/lib/lib.es2016.array.include.d.ts","/home/hamza/.emacs.d/var/lsp/server/npm/typescript/lib/node_modules/typescript/lib/lib.es2016.full.d.ts","/home/hamza/dev/react/quizzical/src/components/question.jsx","/home/hamza/dev/react/quizzical/src/data.jsx","/home/hamza/dev/react/quizzical/src/App.js","/home/hamza/.cache/typescript/4.7/node_modules/@types/react/global.d.ts","/home/hamza/.cache/typescript/4.7/node_modules/@types/react/index.d.ts"],"compilerOptions":{"module":1,"target":3,"jsx":1,"allowJs":true,"allowSyntheticDefaultImports":true,"allowNonTsExtensions":true,"noEmitForJsFiles":true,"maxNodeModuleJsDepth":2},"typeAcquisition":{"enable":true,"include":[],"exclude":[]},"unresolvedImports":[],"projectRootPath":"/home/hamza/dev/react/quizzical/src","kind":"discover"}
[18:44:49.664] Explicitly included types: []
[18:44:49.664] Inferred 'react' typings due to presence of '.jsx' extension
[18:44:49.665] Inferred typings from unresolved imports: []
[18:44:49.665] Result: {"cachedTypingPaths":["/home/hamza/.cache/typescript/4.7/node_modules/@types/react/index.d.ts"],"newTypingNames":[],"filesToWatch":["/home/hamza/dev/react/quizzical/src/components/bower_components","/home/hamza/dev/react/quizzical/src/components/node_modules","/home/hamza/dev/react/quizzical/src/bower_components","/home/hamza/dev/react/quizzical/src/node_modules"]}
[18:44:49.665] Finished typings discovery: {"cachedTypingPaths":["/home/hamza/.cache/typescript/4.7/node_modules/@types/react/index.d.ts"],"newTypingNames":[],"filesToWatch":["/home/hamza/dev/react/quizzical/src/components/bower_components","/home/hamza/dev/react/quizzical/src/components/node_modules","/home/hamza/dev/react/quizzical/src/bower_components","/home/hamza/dev/react/quizzical/src/node_modules"]}
[18:44:49.665] Sending response:
    {"projectName":"/dev/null/inferredProject1*","typeAcquisition":{"enable":true,"include":[],"exclude":[]},"compilerOptions":{"module":1,"target":3,"jsx":1,"allowJs":true,"allowSyntheticDefaultImports":true,"allowNonTsExtensions":true,"noEmitForJsFiles":true,"maxNodeModuleJsDepth":2},"typings":["/home/hamza/.cache/typescript/4.7/node_modules/@types/react/index.d.ts"],"unresolvedImports":[],"kind":"action::set"}
[18:44:49.665] Response has been sent.
[18:44:49.665] No new typings were requested as a result of typings discovery
[18:45:31.535] sysLog:: onTimerToUpdateChildWatches:: 1
[18:45:31.536] sysLog:: invokingWatchers:: Elapsed:: 0.3877470000006724ms:: 0
[18:45:31.536] DirectoryWatcher:: Triggered with /home/hamza/dev/react/quizzical/src/components/question.jsx 0:: WatchInfo: /home/hamza/dev/react/quizzical/src/components 1 undefined Project: /dev/null/inferredProject1* watcher already invoked: false
[18:45:31.536] Elapsed:: 0.15444000001298264ms DirectoryWatcher:: Triggered with /home/hamza/dev/react/quizzical/src/components/question.jsx 0:: WatchInfo: /home/hamza/dev/react/quizzical/src/components 1 undefined Project: /dev/null/inferredProject1* watcher already invoked: false
[18:45:31.537] DirectoryWatcher:: Triggered with /home/hamza/dev/react/quizzical/src/components/question.jsx 1:: WatchInfo: /home/hamza/dev/react/quizzical/src/components 1 undefined Project: /dev/null/inferredProject1* watcher already invoked: false
[18:45:31.537] Elapsed:: 0.016570999985560775ms DirectoryWatcher:: Triggered with /home/hamza/dev/react/quizzical/src/components/question.jsx 1:: WatchInfo: /home/hamza/dev/react/quizzical/src/components 1 undefined Project: /dev/null/inferredProject1* watcher already invoked: false
[18:45:31.537] sysLog:: Elapsed:: 1.585332999995444ms:: onTimerToUpdateChildWatches:: 0 undefined
[19:30:04.290] sysLog:: onTimerToUpdateChildWatches:: 1
[19:30:04.290] sysLog:: invokingWatchers:: Elapsed:: 0.2607490001246333ms:: 0
[19:30:04.291] DirectoryWatcher:: Triggered with /home/hamza/dev/react/quizzical/src/components/#question.jsx# 0:: WatchInfo: /home/hamza/dev/react/quizzical/src/components 1 undefined Project: /dev/null/inferredProject1* watcher already invoked: false
[19:30:04.291] Elapsed:: 0.023593999911099672ms DirectoryWatcher:: Triggered with /home/hamza/dev/react/quizzical/src/components/#question.jsx# 0:: WatchInfo: /home/hamza/dev/react/quizzical/src/components 1 undefined Project: /dev/null/inferredProject1* watcher already invoked: false
[19:30:04.291] sysLog:: Elapsed:: 0.7884690002538264ms:: onTimerToUpdateChildWatches:: 0 undefined
[19:33:04.046] sysLog:: onTimerToUpdateChildWatches:: 1
[19:33:04.046] sysLog:: invokingWatchers:: Elapsed:: 0.3607560000382364ms:: 0
[19:33:04.046] DirectoryWatcher:: Triggered with /home/hamza/dev/react/quizzical/src/components/#question.jsx# 0:: WatchInfo: /home/hamza/dev/react/quizzical/src/components 1 undefined Project: /dev/null/inferredProject1* watcher already invoked: false
[19:33:04.047] Elapsed:: 0.03265100019052625ms DirectoryWatcher:: Triggered with /home/hamza/dev/react/quizzical/src/components/#question.jsx# 0:: WatchInfo: /home/hamza/dev/react/quizzical/src/components 1 undefined Project: /dev/null/inferredProject1* watcher already invoked: false
[19:33:04.047] sysLog:: Elapsed:: 0.8275520000606775ms:: onTimerToUpdateChildWatches:: 0 undefined
[19:54:33.864] sysLog:: onTimerToUpdateChildWatches:: 1
[19:54:33.864] sysLog:: invokingWatchers:: Elapsed:: 0.13256900012493134ms:: 0
[19:54:33.864] DirectoryWatcher:: Triggered with /home/hamza/dev/react/quizzical/src/components/#question.jsx# 0:: WatchInfo: /home/hamza/dev/react/quizzical/src/components 1 undefined Project: /dev/null/inferredProject1* watcher already invoked: false
[19:54:33.864] Elapsed:: 0.023905000649392605ms DirectoryWatcher:: Triggered with /home/hamza/dev/react/quizzical/src/components/#question.jsx# 0:: WatchInfo: /home/hamza/dev/react/quizzical/src/components 1 undefined Project: /dev/null/inferredProject1* watcher already invoked: false
[19:54:33.864] sysLog:: Elapsed:: 0.2624220000579953ms:: onTimerToUpdateChildWatches:: 0 undefined
[20:19:44.562] sysLog:: onTimerToUpdateChildWatches:: 1
[20:19:44.562] sysLog:: invokingWatchers:: Elapsed:: 0.36623699963092804ms:: 0
[20:19:44.563] DirectoryWatcher:: Triggered with /home/hamza/dev/react/quizzical/src/components/#question.jsx# 0:: WatchInfo: /home/hamza/dev/react/quizzical/src/components 1 undefined Project: /dev/null/inferredProject1* watcher already invoked: false
[20:19:44.563] Elapsed:: 0.017192000523209572ms DirectoryWatcher:: Triggered with /home/hamza/dev/react/quizzical/src/components/#question.jsx# 0:: WatchInfo: /home/hamza/dev/react/quizzical/src/components 1 undefined Project: /dev/null/inferredProject1* watcher already invoked: false
[20:19:44.563] sysLog:: Elapsed:: 0.7050219997763634ms:: onTimerToUpdateChildWatches:: 0 undefined
[20:33:21.145] sysLog:: onTimerToUpdateChildWatches:: 1
[20:33:21.146] sysLog:: invokingWatchers:: Elapsed:: 0.3822969999164343ms:: 0
[20:33:21.146] DirectoryWatcher:: Triggered with /home/hamza/dev/react/quizzical/src/components/#question.jsx# 0:: WatchInfo: /home/hamza/dev/react/quizzical/src/components 1 undefined Project: /dev/null/inferredProject1* watcher already invoked: false
[20:33:21.146] Elapsed:: 0.013035000301897526ms DirectoryWatcher:: Triggered with /home/hamza/dev/react/quizzical/src/components/#question.jsx# 0:: WatchInfo: /home/hamza/dev/react/quizzical/src/components 1 undefined Project: /dev/null/inferredProject1* watcher already invoked: false
[20:33:21.146] sysLog:: Elapsed:: 0.5643079997971654ms:: onTimerToUpdateChildWatches:: 0 undefined
[20:33:23.509] sysLog:: onTimerToUpdateChildWatches:: 1
[20:33:23.509] sysLog:: invokingWatchers:: Elapsed:: 0.09895600005984306ms:: 0
[20:33:23.509] DirectoryWatcher:: Triggered with /home/hamza/dev/react/quizzical/src/components/#question.jsx# 0:: WatchInfo: /home/hamza/dev/react/quizzical/src/components 1 undefined Project: /dev/null/inferredProject1* watcher already invoked: false
[20:33:23.510] Elapsed:: 0.024696999229490757ms DirectoryWatcher:: Triggered with /home/hamza/dev/react/quizzical/src/components/#question.jsx# 0:: WatchInfo: /home/hamza/dev/react/quizzical/src/components 1 undefined Project: /dev/null/inferredProject1* watcher already invoked: false
[20:33:23.510] sysLog:: Elapsed:: 0.3575510000810027ms:: onTimerToUpdateChildWatches:: 0 undefined
[20:48:19.886] sysLog:: onTimerToUpdateChildWatches:: 1
[20:48:19.887] sysLog:: invokingWatchers:: Elapsed:: 0.1127319997176528ms:: 0
[20:48:19.887] DirectoryWatcher:: Triggered with /home/hamza/dev/react/quizzical/src/components/#question.jsx# 0:: WatchInfo: /home/hamza/dev/react/quizzical/src/components 1 undefined Project: /dev/null/inferredProject1* watcher already invoked: false
[20:48:19.887] Elapsed:: 0.011792000383138657ms DirectoryWatcher:: Triggered with /home/hamza/dev/react/quizzical/src/components/#question.jsx# 0:: WatchInfo: /home/hamza/dev/react/quizzical/src/components 1 undefined Project: /dev/null/inferredProject1* watcher already invoked: false
[20:48:19.887] DirectoryWatcher:: Triggered with /home/hamza/dev/react/quizzical/src/components/#question.jsx# 1:: WatchInfo: /home/hamza/dev/react/quizzical/src/components 1 undefined Project: /dev/null/inferredProject1* watcher already invoked: false
[20:48:19.887] Elapsed:: 0.005489999428391457ms DirectoryWatcher:: Triggered with /home/hamza/dev/react/quizzical/src/components/#question.jsx# 1:: WatchInfo: /home/hamza/dev/react/quizzical/src/components 1 undefined Project: /dev/null/inferredProject1* watcher already invoked: false
[20:48:19.887] sysLog:: Elapsed:: 0.4115619994699955ms:: onTimerToUpdateChildWatches:: 0 undefined
[20:51:18.336] sysLog:: onTimerToUpdateChildWatches:: 1
[20:51:18.337] sysLog:: invokingWatchers:: Elapsed:: 0.19501600041985512ms:: 0
[20:51:18.337] DirectoryWatcher:: Triggered with /home/hamza/dev/react/quizzical/src/components/#question.jsx# 0:: WatchInfo: /home/hamza/dev/react/quizzical/src/components 1 undefined Project: /dev/null/inferredProject1* watcher already invoked: false
[20:51:18.337] Elapsed:: 0.008535999804735184ms DirectoryWatcher:: Triggered with /home/hamza/dev/react/quizzical/src/components/#question.jsx# 0:: WatchInfo: /home/hamza/dev/react/quizzical/src/components 1 undefined Project: /dev/null/inferredProject1* watcher already invoked: false
[20:51:18.337] DirectoryWatcher:: Triggered with /home/hamza/dev/react/quizzical/src/components/#question.jsx# 1:: WatchInfo: /home/hamza/dev/react/quizzical/src/components 1 undefined Project: /dev/null/inferredProject1* watcher already invoked: false
[20:51:18.337] Elapsed:: 0.002984999679028988ms DirectoryWatcher:: Triggered with /home/hamza/dev/react/quizzical/src/components/#question.jsx# 1:: WatchInfo: /home/hamza/dev/react/quizzical/src/components 1 undefined Project: /dev/null/inferredProject1* watcher already invoked: false
[20:51:18.337] sysLog:: Elapsed:: 0.3271540002897382ms:: onTimerToUpdateChildWatches:: 0 undefined
[21:18:16.960] Got install request {"projectName":"/dev/null/inferredProject1*","fileNames":["/home/hamza/.emacs.d/var/lsp/server/npm/typescript/lib/node_modules/typescript/lib/lib.es5.d.ts","/home/hamza/.emacs.d/var/lsp/server/npm/typescript/lib/node_modules/typescript/lib/lib.es2015.d.ts","/home/hamza/.emacs.d/var/lsp/server/npm/typescript/lib/node_modules/typescript/lib/lib.es2016.d.ts","/home/hamza/.emacs.d/var/lsp/server/npm/typescript/lib/node_modules/typescript/lib/lib.dom.d.ts","/home/hamza/.emacs.d/var/lsp/server/npm/typescript/lib/node_modules/typescript/lib/lib.dom.iterable.d.ts","/home/hamza/.emacs.d/var/lsp/server/npm/typescript/lib/node_modules/typescript/lib/lib.webworker.importscripts.d.ts","/home/hamza/.emacs.d/var/lsp/server/npm/typescript/lib/node_modules/typescript/lib/lib.scripthost.d.ts","/home/hamza/.emacs.d/var/lsp/server/npm/typescript/lib/node_modules/typescript/lib/lib.es2015.core.d.ts","/home/hamza/.emacs.d/var/lsp/server/npm/typescript/lib/node_modules/typescript/lib/lib.es2015.collection.d.ts","/home/hamza/.emacs.d/var/lsp/server/npm/typescript/lib/node_modules/typescript/lib/lib.es2015.generator.d.ts","/home/hamza/.emacs.d/var/lsp/server/npm/typescript/lib/node_modules/typescript/lib/lib.es2015.iterable.d.ts","/home/hamza/.emacs.d/var/lsp/server/npm/typescript/lib/node_modules/typescript/lib/lib.es2015.promise.d.ts","/home/hamza/.emacs.d/var/lsp/server/npm/typescript/lib/node_modules/typescript/lib/lib.es2015.proxy.d.ts","/home/hamza/.emacs.d/var/lsp/server/npm/typescript/lib/node_modules/typescript/lib/lib.es2015.reflect.d.ts","/home/hamza/.emacs.d/var/lsp/server/npm/typescript/lib/node_modules/typescript/lib/lib.es2015.symbol.d.ts","/home/hamza/.emacs.d/var/lsp/server/npm/typescript/lib/node_modules/typescript/lib/lib.es2015.symbol.wellknown.d.ts","/home/hamza/.emacs.d/var/lsp/server/npm/typescript/lib/node_modules/typescript/lib/lib.es2016.array.include.d.ts","/home/hamza/.emacs.d/var/lsp/server/npm/typescript/lib/node_modules/typescript/lib/lib.es2016.full.d.ts","/home/hamza/dev/react/quizzical/src/components/question.jsx","/home/hamza/dev/react/quizzical/src/App.js","/home/hamza/.cache/typescript/4.7/node_modules/@types/react/global.d.ts","/home/hamza/.cache/typescript/4.7/node_modules/@types/react/index.d.ts"],"compilerOptions":{"module":1,"target":3,"jsx":1,"allowJs":true,"allowSyntheticDefaultImports":true,"allowNonTsExtensions":true,"noEmitForJsFiles":true,"maxNodeModuleJsDepth":2},"typeAcquisition":{"enable":true,"include":[],"exclude":[]},"unresolvedImports":[],"projectRootPath":"/home/hamza/dev/react/quizzical/src","kind":"discover"}
[21:18:16.961] Explicitly included types: []
[21:18:16.961] Inferred 'react' typings due to presence of '.jsx' extension
[21:18:16.961] Inferred typings from unresolved imports: []
[21:18:16.961] Result: {"cachedTypingPaths":["/home/hamza/.cache/typescript/4.7/node_modules/@types/react/index.d.ts"],"newTypingNames":[],"filesToWatch":["/home/hamza/dev/react/quizzical/src/components/bower_components","/home/hamza/dev/react/quizzical/src/components/node_modules","/home/hamza/dev/react/quizzical/src/bower_components","/home/hamza/dev/react/quizzical/src/node_modules"]}
[21:18:16.961] Finished typings discovery: {"cachedTypingPaths":["/home/hamza/.cache/typescript/4.7/node_modules/@types/react/index.d.ts"],"newTypingNames":[],"filesToWatch":["/home/hamza/dev/react/quizzical/src/components/bower_components","/home/hamza/dev/react/quizzical/src/components/node_modules","/home/hamza/dev/react/quizzical/src/bower_components","/home/hamza/dev/react/quizzical/src/node_modules"]}
[21:18:16.961] Sending response:
    {"projectName":"/dev/null/inferredProject1*","typeAcquisition":{"enable":true,"include":[],"exclude":[]},"compilerOptions":{"module":1,"target":3,"jsx":1,"allowJs":true,"allowSyntheticDefaultImports":true,"allowNonTsExtensions":true,"noEmitForJsFiles":true,"maxNodeModuleJsDepth":2},"typings":["/home/hamza/.cache/typescript/4.7/node_modules/@types/react/index.d.ts"],"unresolvedImports":[],"kind":"action::set"}
[21:18:16.961] Response has been sent.
[21:18:16.961] No new typings were requested as a result of typings discovery
