[22:42:24.692] Global cache location '/home/hamza/.cache/typescript/4.7', safe file path '/home/hamza/.emacs.d/var/lsp/server/npm/typescript/lib/node_modules/typescript/lib/typingSafeList.json', types map path /home/hamza/.emacs.d/var/lsp/server/npm/typescript/lib/node_modules/typescript/lib/typesMap.json
[22:42:24.693] Processing cache location '/home/hamza/.cache/typescript/4.7'
[22:42:24.693] Trying to find '/home/hamza/.cache/typescript/4.7/package.json'...
[22:42:24.790] Loaded content of '/home/hamza/.cache/typescript/4.7/package.json': {"private":true,"dependencies":{"types-registry":"^0.1.602"},"devDependencies":{"@types/babel__core":"^7.1.19","@types/babel__preset-env":"^7.9.2","@types/react":"^18.0.15","@types/react-dom":"^18.0.6"}}
[22:42:24.790] Loaded content of '/home/hamza/.cache/typescript/4.7/package-lock.json'
[22:42:24.914] Adding entry into typings cache: 'babel__core' => '/home/hamza/.cache/typescript/4.7/node_modules/@types/babel__core/index.d.ts'
[22:42:24.969] Adding entry into typings cache: 'babel__preset-env' => '/home/hamza/.cache/typescript/4.7/node_modules/@types/babel__preset-env/index.d.ts'
[22:42:25.111] Adding entry into typings cache: 'react' => '/home/hamza/.cache/typescript/4.7/node_modules/@types/react/index.d.ts'
[22:42:25.140] Adding entry into typings cache: 'react-dom' => '/home/hamza/.cache/typescript/4.7/node_modules/@types/react-dom/index.d.ts'
[22:42:25.141] Finished processing cache location '/home/hamza/.cache/typescript/4.7'
[22:42:25.141] Process id: 2030
[22:42:25.141] NPM location: /usr/bin/npm (explicit '--npmLocation' not  provided)
[22:42:25.141] validateDefaultNpmLocation: false
[22:42:25.142] Npm config file: /home/hamza/.cache/typescript/4.7/package.json
[22:42:25.142] Updating types-registry npm package...
[22:42:25.142] Exec: /usr/bin/npm install --ignore-scripts types-registry@latest
[22:42:26.974]     Succeeded. stdout:
    
    up to date, audited 16 packages in 741ms

found 0 vulnerabilities

[22:42:26.974] Updated types-registry npm package
[22:42:31.149] Got install request {"projectName":"/dev/null/inferredProject1*","fileNames":["/home/hamza/.emacs.d/var/lsp/server/npm/typescript/lib/node_modules/typescript/lib/lib.es5.d.ts","/home/hamza/.emacs.d/var/lsp/server/npm/typescript/lib/node_modules/typescript/lib/lib.es2015.d.ts","/home/hamza/.emacs.d/var/lsp/server/npm/typescript/lib/node_modules/typescript/lib/lib.es2016.d.ts","/home/hamza/.emacs.d/var/lsp/server/npm/typescript/lib/node_modules/typescript/lib/lib.dom.d.ts","/home/hamza/.emacs.d/var/lsp/server/npm/typescript/lib/node_modules/typescript/lib/lib.dom.iterable.d.ts","/home/hamza/.emacs.d/var/lsp/server/npm/typescript/lib/node_modules/typescript/lib/lib.webworker.importscripts.d.ts","/home/hamza/.emacs.d/var/lsp/server/npm/typescript/lib/node_modules/typescript/lib/lib.scripthost.d.ts","/home/hamza/.emacs.d/var/lsp/server/npm/typescript/lib/node_modules/typescript/lib/lib.es2015.core.d.ts","/home/hamza/.emacs.d/var/lsp/server/npm/typescript/lib/node_modules/typescript/lib/lib.es2015.collection.d.ts","/home/hamza/.emacs.d/var/lsp/server/npm/typescript/lib/node_modules/typescript/lib/lib.es2015.generator.d.ts","/home/hamza/.emacs.d/var/lsp/server/npm/typescript/lib/node_modules/typescript/lib/lib.es2015.iterable.d.ts","/home/hamza/.emacs.d/var/lsp/server/npm/typescript/lib/node_modules/typescript/lib/lib.es2015.promise.d.ts","/home/hamza/.emacs.d/var/lsp/server/npm/typescript/lib/node_modules/typescript/lib/lib.es2015.proxy.d.ts","/home/hamza/.emacs.d/var/lsp/server/npm/typescript/lib/node_modules/typescript/lib/lib.es2015.reflect.d.ts","/home/hamza/.emacs.d/var/lsp/server/npm/typescript/lib/node_modules/typescript/lib/lib.es2015.symbol.d.ts","/home/hamza/.emacs.d/var/lsp/server/npm/typescript/lib/node_modules/typescript/lib/lib.es2015.symbol.wellknown.d.ts","/home/hamza/.emacs.d/var/lsp/server/npm/typescript/lib/node_modules/typescript/lib/lib.es2016.array.include.d.ts","/home/hamza/.emacs.d/var/lsp/server/npm/typescript/lib/node_modules/typescript/lib/lib.es2016.full.d.ts","/home/hamza/dev/react/quizzical/src/components/question.jsx","/home/hamza/dev/react/quizzical/src/App.js"],"compilerOptions":{"module":1,"target":3,"jsx":1,"allowJs":true,"allowSyntheticDefaultImports":true,"allowNonTsExtensions":true,"noEmitForJsFiles":true,"maxNodeModuleJsDepth":2},"typeAcquisition":{"enable":true,"include":[],"exclude":[]},"unresolvedImports":[],"projectRootPath":"/home/hamza/dev/react/quizzical/src","kind":"discover"}
[22:42:31.175] Loaded safelist from types map file '/home/hamza/.emacs.d/var/lsp/server/npm/typescript/lib/node_modules/typescript/lib/typesMap.json'
[22:42:31.175] Explicitly included types: []
[22:42:31.176] Inferred 'react' typings due to presence of '.jsx' extension
[22:42:31.176] Inferred typings from unresolved imports: []
[22:42:31.176] Result: {"cachedTypingPaths":["/home/hamza/.cache/typescript/4.7/node_modules/@types/react/index.d.ts"],"newTypingNames":[],"filesToWatch":["/home/hamza/dev/react/quizzical/src/components/bower_components","/home/hamza/dev/react/quizzical/src/components/node_modules","/home/hamza/dev/react/quizzical/src/bower_components","/home/hamza/dev/react/quizzical/src/node_modules"]}
[22:42:31.176] Finished typings discovery: {"cachedTypingPaths":["/home/hamza/.cache/typescript/4.7/node_modules/@types/react/index.d.ts"],"newTypingNames":[],"filesToWatch":["/home/hamza/dev/react/quizzical/src/components/bower_components","/home/hamza/dev/react/quizzical/src/components/node_modules","/home/hamza/dev/react/quizzical/src/bower_components","/home/hamza/dev/react/quizzical/src/node_modules"]}
[22:42:31.176] DirectoryWatcher:: Added:: WatchInfo: /home/hamza/dev/react/quizzical/src/components
[22:42:31.177] DirectoryWatcher:: Added:: WatchInfo: /home/hamza/dev/react/quizzical/src/components 1 undefined Project: /dev/null/inferredProject1* watcher already invoked: false
[22:42:31.178] Elapsed:: 1.3210679999901913ms DirectoryWatcher:: Added:: WatchInfo: /home/hamza/dev/react/quizzical/src/components 1 undefined Project: /dev/null/inferredProject1* watcher already invoked: false
[22:42:31.178] DirectoryWatcher:: Added:: WatchInfo: /home/hamza/dev/react/quizzical/src/bower_components
[22:42:31.178] DirectoryWatcher:: Added:: WatchInfo: /home/hamza/dev/react/quizzical/src/bower_components 1 undefined Project: /dev/null/inferredProject1* watcher already invoked: false
[22:42:31.179] Elapsed:: 0.6055250000063097ms DirectoryWatcher:: Added:: WatchInfo: /home/hamza/dev/react/quizzical/src/bower_components 1 undefined Project: /dev/null/inferredProject1* watcher already invoked: false
[22:42:31.179] DirectoryWatcher:: Added:: WatchInfo: /home/hamza/dev/react/quizzical/src/node_modules
[22:42:31.179] DirectoryWatcher:: Added:: WatchInfo: /home/hamza/dev/react/quizzical/src/node_modules 1 undefined Project: /dev/null/inferredProject1* watcher already invoked: false
[22:42:31.179] Elapsed:: 0.07802599998831283ms DirectoryWatcher:: Added:: WatchInfo: /home/hamza/dev/react/quizzical/src/node_modules 1 undefined Project: /dev/null/inferredProject1* watcher already invoked: false
[22:42:31.180] Sending response:
    {"projectName":"/dev/null/inferredProject1*","typeAcquisition":{"enable":true,"include":[],"exclude":[]},"compilerOptions":{"module":1,"target":3,"jsx":1,"allowJs":true,"allowSyntheticDefaultImports":true,"allowNonTsExtensions":true,"noEmitForJsFiles":true,"maxNodeModuleJsDepth":2},"typings":["/home/hamza/.cache/typescript/4.7/node_modules/@types/react/index.d.ts"],"unresolvedImports":[],"kind":"action::set"}
[22:42:31.180] Response has been sent.
[22:42:31.180] No new typings were requested as a result of typings discovery
[22:42:31.635] Got install request {"projectName":"/dev/null/inferredProject1*","fileNames":["/home/hamza/.emacs.d/var/lsp/server/npm/typescript/lib/node_modules/typescript/lib/lib.es5.d.ts","/home/hamza/.emacs.d/var/lsp/server/npm/typescript/lib/node_modules/typescript/lib/lib.es2015.d.ts","/home/hamza/.emacs.d/var/lsp/server/npm/typescript/lib/node_modules/typescript/lib/lib.es2016.d.ts","/home/hamza/.emacs.d/var/lsp/server/npm/typescript/lib/node_modules/typescript/lib/lib.dom.d.ts","/home/hamza/.emacs.d/var/lsp/server/npm/typescript/lib/node_modules/typescript/lib/lib.dom.iterable.d.ts","/home/hamza/.emacs.d/var/lsp/server/npm/typescript/lib/node_modules/typescript/lib/lib.webworker.importscripts.d.ts","/home/hamza/.emacs.d/var/lsp/server/npm/typescript/lib/node_modules/typescript/lib/lib.scripthost.d.ts","/home/hamza/.emacs.d/var/lsp/server/npm/typescript/lib/node_modules/typescript/lib/lib.es2015.core.d.ts","/home/hamza/.emacs.d/var/lsp/server/npm/typescript/lib/node_modules/typescript/lib/lib.es2015.collection.d.ts","/home/hamza/.emacs.d/var/lsp/server/npm/typescript/lib/node_modules/typescript/lib/lib.es2015.generator.d.ts","/home/hamza/.emacs.d/var/lsp/server/npm/typescript/lib/node_modules/typescript/lib/lib.es2015.iterable.d.ts","/home/hamza/.emacs.d/var/lsp/server/npm/typescript/lib/node_modules/typescript/lib/lib.es2015.promise.d.ts","/home/hamza/.emacs.d/var/lsp/server/npm/typescript/lib/node_modules/typescript/lib/lib.es2015.proxy.d.ts","/home/hamza/.emacs.d/var/lsp/server/npm/typescript/lib/node_modules/typescript/lib/lib.es2015.reflect.d.ts","/home/hamza/.emacs.d/var/lsp/server/npm/typescript/lib/node_modules/typescript/lib/lib.es2015.symbol.d.ts","/home/hamza/.emacs.d/var/lsp/server/npm/typescript/lib/node_modules/typescript/lib/lib.es2015.symbol.wellknown.d.ts","/home/hamza/.emacs.d/var/lsp/server/npm/typescript/lib/node_modules/typescript/lib/lib.es2016.array.include.d.ts","/home/hamza/.emacs.d/var/lsp/server/npm/typescript/lib/node_modules/typescript/lib/lib.es2016.full.d.ts","/home/hamza/dev/react/quizzical/src/components/question.jsx","/home/hamza/dev/react/quizzical/src/App.js","/home/hamza/.cache/typescript/4.7/node_modules/@types/react/global.d.ts","/home/hamza/.cache/typescript/4.7/node_modules/@types/react/index.d.ts"],"compilerOptions":{"module":1,"target":3,"jsx":1,"allowJs":true,"allowSyntheticDefaultImports":true,"allowNonTsExtensions":true,"noEmitForJsFiles":true,"maxNodeModuleJsDepth":2},"typeAcquisition":{"enable":true,"include":[],"exclude":[]},"unresolvedImports":[],"projectRootPath":"/home/hamza/dev/react/quizzical/src","kind":"discover"}
[22:42:31.635] Explicitly included types: []
[22:42:31.635] Inferred 'react' typings due to presence of '.jsx' extension
[22:42:31.635] Inferred typings from unresolved imports: []
[22:42:31.636] Result: {"cachedTypingPaths":["/home/hamza/.cache/typescript/4.7/node_modules/@types/react/index.d.ts"],"newTypingNames":[],"filesToWatch":["/home/hamza/dev/react/quizzical/src/components/bower_components","/home/hamza/dev/react/quizzical/src/components/node_modules","/home/hamza/dev/react/quizzical/src/bower_components","/home/hamza/dev/react/quizzical/src/node_modules"]}
[22:42:31.636] Finished typings discovery: {"cachedTypingPaths":["/home/hamza/.cache/typescript/4.7/node_modules/@types/react/index.d.ts"],"newTypingNames":[],"filesToWatch":["/home/hamza/dev/react/quizzical/src/components/bower_components","/home/hamza/dev/react/quizzical/src/components/node_modules","/home/hamza/dev/react/quizzical/src/bower_components","/home/hamza/dev/react/quizzical/src/node_modules"]}
[22:42:31.636] Sending response:
    {"projectName":"/dev/null/inferredProject1*","typeAcquisition":{"enable":true,"include":[],"exclude":[]},"compilerOptions":{"module":1,"target":3,"jsx":1,"allowJs":true,"allowSyntheticDefaultImports":true,"allowNonTsExtensions":true,"noEmitForJsFiles":true,"maxNodeModuleJsDepth":2},"typings":["/home/hamza/.cache/typescript/4.7/node_modules/@types/react/index.d.ts"],"unresolvedImports":[],"kind":"action::set"}
[22:42:31.636] Response has been sent.
[22:42:31.636] No new typings were requested as a result of typings discovery
